SF:G:\Dev\Projects\OpenSource\Oxide-Stack\Oxide\rust\oxide_core\src\engine\navigation_ctx.rs
FN:26,_RINvMNtNtCsdFPiKNhAdgX_10oxide_core6engine14navigation_ctxNtB3_13NavigationCtx4pushpEB7_
FN:36,_RINvMNtNtCsdFPiKNhAdgX_10oxide_core6engine14navigation_ctxNtB3_13NavigationCtx9pop_untilpEB7_
FN:26,_RINvMNtNtCsdFPiKNhAdgX_10oxide_core6engine14navigation_ctxNtB3_13NavigationCtx4pushNtCs8kv6T68cP8b_24navigation_runtime_tests9TestRouteEB1l_
FN:36,_RINvMNtNtCsdFPiKNhAdgX_10oxide_core6engine14navigation_ctxNtB3_13NavigationCtx9pop_untilNtCs8kv6T68cP8b_24navigation_runtime_tests13TestRouteKindEB1q_
FN:16,_RNvMNtNtCsdFPiKNhAdgX_10oxide_core6engine14navigation_ctxNtB2_13NavigationCtx3new
FN:31,_RNvMNtNtCsdFPiKNhAdgX_10oxide_core6engine14navigation_ctxNtB2_13NavigationCtx3pop
FN:21,_RNvMNtNtCsdFPiKNhAdgX_10oxide_core6engine14navigation_ctxNtB2_13NavigationCtx5route
FN:16,_RNvMNtNtCsf7sMATW6VUN_10oxide_core6engine14navigation_ctxNtB2_13NavigationCtx3new
FN:26,_RINvMNtNtCsf7sMATW6VUN_10oxide_core6engine14navigation_ctxNtB3_13NavigationCtx4pushpEB7_
FN:36,_RINvMNtNtCsf7sMATW6VUN_10oxide_core6engine14navigation_ctxNtB3_13NavigationCtx9pop_untilpEB7_
FN:31,_RNvMNtNtCsf7sMATW6VUN_10oxide_core6engine14navigation_ctxNtB2_13NavigationCtx3pop
FN:21,_RNvMNtNtCsf7sMATW6VUN_10oxide_core6engine14navigation_ctxNtB2_13NavigationCtx5route
FNDA:0,_RINvMNtNtCsdFPiKNhAdgX_10oxide_core6engine14navigation_ctxNtB3_13NavigationCtx4pushpEB7_
FNDA:0,_RINvMNtNtCsdFPiKNhAdgX_10oxide_core6engine14navigation_ctxNtB3_13NavigationCtx9pop_untilpEB7_
FNDA:1,_RINvMNtNtCsdFPiKNhAdgX_10oxide_core6engine14navigation_ctxNtB3_13NavigationCtx4pushNtCs8kv6T68cP8b_24navigation_runtime_tests9TestRouteEB1l_
FNDA:1,_RINvMNtNtCsdFPiKNhAdgX_10oxide_core6engine14navigation_ctxNtB3_13NavigationCtx9pop_untilNtCs8kv6T68cP8b_24navigation_runtime_tests13TestRouteKindEB1q_
FNDA:10,_RNvMNtNtCsdFPiKNhAdgX_10oxide_core6engine14navigation_ctxNtB2_13NavigationCtx3new
FNDA:1,_RNvMNtNtCsdFPiKNhAdgX_10oxide_core6engine14navigation_ctxNtB2_13NavigationCtx3pop
FNDA:1,_RNvMNtNtCsdFPiKNhAdgX_10oxide_core6engine14navigation_ctxNtB2_13NavigationCtx5route
FNDA:14,_RNvMNtNtCsf7sMATW6VUN_10oxide_core6engine14navigation_ctxNtB2_13NavigationCtx3new
FNDA:0,_RINvMNtNtCsf7sMATW6VUN_10oxide_core6engine14navigation_ctxNtB3_13NavigationCtx4pushpEB7_
FNDA:0,_RINvMNtNtCsf7sMATW6VUN_10oxide_core6engine14navigation_ctxNtB3_13NavigationCtx9pop_untilpEB7_
FNDA:0,_RNvMNtNtCsf7sMATW6VUN_10oxide_core6engine14navigation_ctxNtB2_13NavigationCtx3pop
FNDA:0,_RNvMNtNtCsf7sMATW6VUN_10oxide_core6engine14navigation_ctxNtB2_13NavigationCtx5route
FNF:5
FNH:5
DA:16,24
DA:17,24
DA:18,24
DA:21,1
DA:22,1
DA:23,1
DA:26,1
DA:27,1
DA:28,1
DA:31,1
DA:32,1
DA:33,1
DA:36,1
DA:37,1
DA:38,1
BRF:0
BRH:0
LF:15
LH:15
end_of_record
SF:G:\Dev\Projects\OpenSource\Oxide-Stack\Oxide\rust\oxide_core\src\engine\navigation_runtime.rs
FN:35,_RNvXs_NtNtCsdFPiKNhAdgX_10oxide_core6engine18navigation_runtimeNtB4_18NavigationCommandsNtNtNtCs25LAAAjbyGa_4core3ops4drop4Drop4drop
FN:29,_RNvMNtNtCsdFPiKNhAdgX_10oxide_core6engine18navigation_runtimeNtB2_18NavigationCommands4recv
FN:137,_RNvMs0_NtNtCsdFPiKNhAdgX_10oxide_core6engine18navigation_runtimeNtB5_17NavigationRuntime11emit_result
FN:149,_RNvMs0_NtNtCsdFPiKNhAdgX_10oxide_core6engine18navigation_runtimeNtB5_17NavigationRuntime12recv_command
FN:141,_RNvMs0_NtNtCsdFPiKNhAdgX_10oxide_core6engine18navigation_runtimeNtB5_17NavigationRuntime12send_command
FN:116,_RNvMs0_NtNtCsdFPiKNhAdgX_10oxide_core6engine18navigation_runtimeNtB5_17NavigationRuntime13pop_with_json
FN:85,_RNvMs0_NtNtCsdFPiKNhAdgX_10oxide_core6engine18navigation_runtimeNtB5_17NavigationRuntime17set_current_route
FN:61,_RNvMs0_NtNtCsdFPiKNhAdgX_10oxide_core6engine18navigation_runtimeNtB5_17NavigationRuntime18subscribe_commands
FN:80,_RNvMs0_NtNtCsdFPiKNhAdgX_10oxide_core6engine18navigation_runtimeNtB5_17NavigationRuntime21current_route_context
FN:75,_RNvMs0_NtNtCsdFPiKNhAdgX_10oxide_core6engine18navigation_runtimeNtB5_17NavigationRuntime23subscribe_route_context
FN:44,_RNvMs0_NtNtCsdFPiKNhAdgX_10oxide_core6engine18navigation_runtimeNtB5_17NavigationRuntime3new
FN:111,_RNvMs0_NtNtCsdFPiKNhAdgX_10oxide_core6engine18navigation_runtimeNtB5_17NavigationRuntime3pop
FN:145,_RNCNvMs0_NtNtCsdFPiKNhAdgX_10oxide_core6engine18navigation_runtimeNtB7_17NavigationRuntime12send_command0Bb_
FN:98,_RINvMs0_NtNtCsdFPiKNhAdgX_10oxide_core6engine18navigation_runtimeNtB6_17NavigationRuntime16push_with_ticketpEBa_
FN:90,_RINvMs0_NtNtCsdFPiKNhAdgX_10oxide_core6engine18navigation_runtimeNtB6_17NavigationRuntime4pushpEBa_
FN:128,_RINvMs0_NtNtCsdFPiKNhAdgX_10oxide_core6engine18navigation_runtimeNtB6_17NavigationRuntime5resetpEBa_
FN:121,_RINvMs0_NtNtCsdFPiKNhAdgX_10oxide_core6engine18navigation_runtimeNtB6_17NavigationRuntime9pop_untilpEBa_
FN:155,_RINvNtNtCsdFPiKNhAdgX_10oxide_core6engine18navigation_runtime26nav_route_from_oxide_routepEB6_
FN:177,_RINvNtNtCsdFPiKNhAdgX_10oxide_core6engine18navigation_runtime28nav_route_from_oxide_payloadpEB6_
FN:101,_RNCINvMs0_NtNtCsdFPiKNhAdgX_10oxide_core6engine18navigation_runtimeNtB8_17NavigationRuntime16push_with_ticketpE0Bc_
FN:163,_RNCINvNtNtCsdFPiKNhAdgX_10oxide_core6engine18navigation_runtime26nav_route_from_oxide_routepE0B8_
FN:167,_RNCINvNtNtCsdFPiKNhAdgX_10oxide_core6engine18navigation_runtime26nav_route_from_oxide_routepEs_0B8_
FN:180,_RNCINvNtNtCsdFPiKNhAdgX_10oxide_core6engine18navigation_runtime28nav_route_from_oxide_payloadpE0B8_
FN:169,_RNCNCINvNtNtCsdFPiKNhAdgX_10oxide_core6engine18navigation_runtime26nav_route_from_oxide_routepEs_00Ba_
FN:29,_RNCNvMNtNtCsdFPiKNhAdgX_10oxide_core6engine18navigation_runtimeNtB4_18NavigationCommands4recv0B8_
FN:137,_RNCNvMs0_NtNtCsdFPiKNhAdgX_10oxide_core6engine18navigation_runtimeNtB7_17NavigationRuntime11emit_result0Bb_
FN:149,_RNCNvMs0_NtNtCsdFPiKNhAdgX_10oxide_core6engine18navigation_runtimeNtB7_17NavigationRuntime12recv_command0Bb_
FN:98,_RINvMs0_NtNtCsdFPiKNhAdgX_10oxide_core6engine18navigation_runtimeNtB6_17NavigationRuntime16push_with_ticketNtCs8kv6T68cP8b_24navigation_runtime_tests9TestRouteEB1J_
FN:90,_RINvMs0_NtNtCsdFPiKNhAdgX_10oxide_core6engine18navigation_runtimeNtB6_17NavigationRuntime4pushNtCs8kv6T68cP8b_24navigation_runtime_tests15RouteWithExtrasEB1w_
FN:90,_RINvMs0_NtNtCsdFPiKNhAdgX_10oxide_core6engine18navigation_runtimeNtB6_17NavigationRuntime4pushNtCs8kv6T68cP8b_24navigation_runtime_tests18RouteWithBadExtrasEB1w_
FN:90,_RINvMs0_NtNtCsdFPiKNhAdgX_10oxide_core6engine18navigation_runtimeNtB6_17NavigationRuntime4pushNtCs8kv6T68cP8b_24navigation_runtime_tests8BadRouteEB1w_
FN:90,_RINvMs0_NtNtCsdFPiKNhAdgX_10oxide_core6engine18navigation_runtimeNtB6_17NavigationRuntime4pushNtCs8kv6T68cP8b_24navigation_runtime_tests9TestRouteEB1w_
FN:128,_RINvMs0_NtNtCsdFPiKNhAdgX_10oxide_core6engine18navigation_runtimeNtB6_17NavigationRuntime5resetNtCs8kv6T68cP8b_24navigation_runtime_tests14WrappedPayloadEB1x_
FN:128,_RINvMs0_NtNtCsdFPiKNhAdgX_10oxide_core6engine18navigation_runtimeNtB6_17NavigationRuntime5resetNtCs8kv6T68cP8b_24navigation_runtime_tests16BadPayloadScalarEB1x_
FN:128,_RINvMs0_NtNtCsdFPiKNhAdgX_10oxide_core6engine18navigation_runtimeNtB6_17NavigationRuntime5resetNtCs8kv6T68cP8b_24navigation_runtime_tests19BadPayloadSerializeEB1x_
FN:128,_RINvMs0_NtNtCsdFPiKNhAdgX_10oxide_core6engine18navigation_runtimeNtB6_17NavigationRuntime5resetNtCs8kv6T68cP8b_24navigation_runtime_tests19MissingPayloadFieldEB1x_
FN:121,_RINvMs0_NtNtCsdFPiKNhAdgX_10oxide_core6engine18navigation_runtimeNtB6_17NavigationRuntime9pop_untilNtCs8kv6T68cP8b_24navigation_runtime_tests13TestRouteKindEB1B_
FN:155,_RINvNtNtCsdFPiKNhAdgX_10oxide_core6engine18navigation_runtime26nav_route_from_oxide_routeNtCs8kv6T68cP8b_24navigation_runtime_tests15RouteWithExtrasEB1r_
FN:155,_RINvNtNtCsdFPiKNhAdgX_10oxide_core6engine18navigation_runtime26nav_route_from_oxide_routeNtCs8kv6T68cP8b_24navigation_runtime_tests18RouteWithBadExtrasEB1r_
FN:155,_RINvNtNtCsdFPiKNhAdgX_10oxide_core6engine18navigation_runtime26nav_route_from_oxide_routeNtCs8kv6T68cP8b_24navigation_runtime_tests8BadRouteEB1r_
FN:155,_RINvNtNtCsdFPiKNhAdgX_10oxide_core6engine18navigation_runtime26nav_route_from_oxide_routeNtCs8kv6T68cP8b_24navigation_runtime_tests9TestRouteEB1r_
FN:177,_RINvNtNtCsdFPiKNhAdgX_10oxide_core6engine18navigation_runtime28nav_route_from_oxide_payloadNtCs8kv6T68cP8b_24navigation_runtime_tests14WrappedPayloadEB1t_
FN:177,_RINvNtNtCsdFPiKNhAdgX_10oxide_core6engine18navigation_runtime28nav_route_from_oxide_payloadNtCs8kv6T68cP8b_24navigation_runtime_tests16BadPayloadScalarEB1t_
FN:177,_RINvNtNtCsdFPiKNhAdgX_10oxide_core6engine18navigation_runtime28nav_route_from_oxide_payloadNtCs8kv6T68cP8b_24navigation_runtime_tests19BadPayloadSerializeEB1t_
FN:177,_RINvNtNtCsdFPiKNhAdgX_10oxide_core6engine18navigation_runtime28nav_route_from_oxide_payloadNtCs8kv6T68cP8b_24navigation_runtime_tests19MissingPayloadFieldEB1t_
FN:101,_RNCINvMs0_NtNtCsdFPiKNhAdgX_10oxide_core6engine18navigation_runtimeNtB8_17NavigationRuntime16push_with_ticketNtCs8kv6T68cP8b_24navigation_runtime_tests9TestRouteE0B1L_
FN:163,_RNCINvNtNtCsdFPiKNhAdgX_10oxide_core6engine18navigation_runtime26nav_route_from_oxide_routeNtCs8kv6T68cP8b_24navigation_runtime_tests15RouteWithExtrasE0B1t_
FN:167,_RNCINvNtNtCsdFPiKNhAdgX_10oxide_core6engine18navigation_runtime26nav_route_from_oxide_routeNtCs8kv6T68cP8b_24navigation_runtime_tests15RouteWithExtrasEs_0B1t_
FN:163,_RNCINvNtNtCsdFPiKNhAdgX_10oxide_core6engine18navigation_runtime26nav_route_from_oxide_routeNtCs8kv6T68cP8b_24navigation_runtime_tests18RouteWithBadExtrasE0B1t_
FN:167,_RNCINvNtNtCsdFPiKNhAdgX_10oxide_core6engine18navigation_runtime26nav_route_from_oxide_routeNtCs8kv6T68cP8b_24navigation_runtime_tests18RouteWithBadExtrasEs_0B1t_
FN:163,_RNCINvNtNtCsdFPiKNhAdgX_10oxide_core6engine18navigation_runtime26nav_route_from_oxide_routeNtCs8kv6T68cP8b_24navigation_runtime_tests8BadRouteE0B1t_
FN:167,_RNCINvNtNtCsdFPiKNhAdgX_10oxide_core6engine18navigation_runtime26nav_route_from_oxide_routeNtCs8kv6T68cP8b_24navigation_runtime_tests8BadRouteEs_0B1t_
FN:163,_RNCINvNtNtCsdFPiKNhAdgX_10oxide_core6engine18navigation_runtime26nav_route_from_oxide_routeNtCs8kv6T68cP8b_24navigation_runtime_tests9TestRouteE0B1t_
FN:167,_RNCINvNtNtCsdFPiKNhAdgX_10oxide_core6engine18navigation_runtime26nav_route_from_oxide_routeNtCs8kv6T68cP8b_24navigation_runtime_tests9TestRouteEs_0B1t_
FN:180,_RNCINvNtNtCsdFPiKNhAdgX_10oxide_core6engine18navigation_runtime28nav_route_from_oxide_payloadNtCs8kv6T68cP8b_24navigation_runtime_tests14WrappedPayloadE0B1v_
FN:180,_RNCINvNtNtCsdFPiKNhAdgX_10oxide_core6engine18navigation_runtime28nav_route_from_oxide_payloadNtCs8kv6T68cP8b_24navigation_runtime_tests16BadPayloadScalarE0B1v_
FN:180,_RNCINvNtNtCsdFPiKNhAdgX_10oxide_core6engine18navigation_runtime28nav_route_from_oxide_payloadNtCs8kv6T68cP8b_24navigation_runtime_tests19BadPayloadSerializeE0B1v_
FN:180,_RNCINvNtNtCsdFPiKNhAdgX_10oxide_core6engine18navigation_runtime28nav_route_from_oxide_payloadNtCs8kv6T68cP8b_24navigation_runtime_tests19MissingPayloadFieldE0B1v_
FN:169,_RNCNCINvNtNtCsdFPiKNhAdgX_10oxide_core6engine18navigation_runtime26nav_route_from_oxide_routeNtCs8kv6T68cP8b_24navigation_runtime_tests15RouteWithExtrasEs_00B1v_
FN:169,_RNCNCINvNtNtCsdFPiKNhAdgX_10oxide_core6engine18navigation_runtime26nav_route_from_oxide_routeNtCs8kv6T68cP8b_24navigation_runtime_tests18RouteWithBadExtrasEs_00B1v_
FN:169,_RNCNCINvNtNtCsdFPiKNhAdgX_10oxide_core6engine18navigation_runtime26nav_route_from_oxide_routeNtCs8kv6T68cP8b_24navigation_runtime_tests8BadRouteEs_00B1v_
FN:169,_RNCNCINvNtNtCsdFPiKNhAdgX_10oxide_core6engine18navigation_runtime26nav_route_from_oxide_routeNtCs8kv6T68cP8b_24navigation_runtime_tests9TestRouteEs_00B1v_
FN:29,_RNCNvMNtNtCsdFPiKNhAdgX_10oxide_core6engine18navigation_runtimeNtB4_18NavigationCommands4recv0Cs8kv6T68cP8b_24navigation_runtime_tests
FN:137,_RNCNvMs0_NtNtCsdFPiKNhAdgX_10oxide_core6engine18navigation_runtimeNtB7_17NavigationRuntime11emit_result0Cs8kv6T68cP8b_24navigation_runtime_tests
FN:149,_RNCNvMs0_NtNtCsdFPiKNhAdgX_10oxide_core6engine18navigation_runtimeNtB7_17NavigationRuntime12recv_command0Cs8kv6T68cP8b_24navigation_runtime_tests
FN:80,_RNvMs0_NtNtCsf7sMATW6VUN_10oxide_core6engine18navigation_runtimeNtB5_17NavigationRuntime21current_route_context
FN:44,_RNvMs0_NtNtCsf7sMATW6VUN_10oxide_core6engine18navigation_runtimeNtB5_17NavigationRuntime3new
FN:98,_RINvMs0_NtNtCsf7sMATW6VUN_10oxide_core6engine18navigation_runtimeNtB6_17NavigationRuntime16push_with_ticketpEBa_
FN:90,_RINvMs0_NtNtCsf7sMATW6VUN_10oxide_core6engine18navigation_runtimeNtB6_17NavigationRuntime4pushpEBa_
FN:128,_RINvMs0_NtNtCsf7sMATW6VUN_10oxide_core6engine18navigation_runtimeNtB6_17NavigationRuntime5resetpEBa_
FN:121,_RINvMs0_NtNtCsf7sMATW6VUN_10oxide_core6engine18navigation_runtimeNtB6_17NavigationRuntime9pop_untilpEBa_
FN:155,_RINvNtNtCsf7sMATW6VUN_10oxide_core6engine18navigation_runtime26nav_route_from_oxide_routepEB6_
FN:177,_RINvNtNtCsf7sMATW6VUN_10oxide_core6engine18navigation_runtime28nav_route_from_oxide_payloadpEB6_
FN:101,_RNCINvMs0_NtNtCsf7sMATW6VUN_10oxide_core6engine18navigation_runtimeNtB8_17NavigationRuntime16push_with_ticketpE0Bc_
FN:163,_RNCINvNtNtCsf7sMATW6VUN_10oxide_core6engine18navigation_runtime26nav_route_from_oxide_routepE0B8_
FN:167,_RNCINvNtNtCsf7sMATW6VUN_10oxide_core6engine18navigation_runtime26nav_route_from_oxide_routepEs_0B8_
FN:180,_RNCINvNtNtCsf7sMATW6VUN_10oxide_core6engine18navigation_runtime28nav_route_from_oxide_payloadpE0B8_
FN:169,_RNCNCINvNtNtCsf7sMATW6VUN_10oxide_core6engine18navigation_runtime26nav_route_from_oxide_routepEs_00Ba_
FN:29,_RNCNvMNtNtCsf7sMATW6VUN_10oxide_core6engine18navigation_runtimeNtB4_18NavigationCommands4recv0B8_
FN:137,_RNCNvMs0_NtNtCsf7sMATW6VUN_10oxide_core6engine18navigation_runtimeNtB7_17NavigationRuntime11emit_result0Bb_
FN:149,_RNCNvMs0_NtNtCsf7sMATW6VUN_10oxide_core6engine18navigation_runtimeNtB7_17NavigationRuntime12recv_command0Bb_
FN:145,_RNCNvMs0_NtNtCsf7sMATW6VUN_10oxide_core6engine18navigation_runtimeNtB7_17NavigationRuntime12send_command0Bb_
FN:29,_RNvMNtNtCsf7sMATW6VUN_10oxide_core6engine18navigation_runtimeNtB2_18NavigationCommands4recv
FN:137,_RNvMs0_NtNtCsf7sMATW6VUN_10oxide_core6engine18navigation_runtimeNtB5_17NavigationRuntime11emit_result
FN:149,_RNvMs0_NtNtCsf7sMATW6VUN_10oxide_core6engine18navigation_runtimeNtB5_17NavigationRuntime12recv_command
FN:141,_RNvMs0_NtNtCsf7sMATW6VUN_10oxide_core6engine18navigation_runtimeNtB5_17NavigationRuntime12send_command
FN:116,_RNvMs0_NtNtCsf7sMATW6VUN_10oxide_core6engine18navigation_runtimeNtB5_17NavigationRuntime13pop_with_json
FN:85,_RNvMs0_NtNtCsf7sMATW6VUN_10oxide_core6engine18navigation_runtimeNtB5_17NavigationRuntime17set_current_route
FN:61,_RNvMs0_NtNtCsf7sMATW6VUN_10oxide_core6engine18navigation_runtimeNtB5_17NavigationRuntime18subscribe_commands
FN:75,_RNvMs0_NtNtCsf7sMATW6VUN_10oxide_core6engine18navigation_runtimeNtB5_17NavigationRuntime23subscribe_route_context
FN:111,_RNvMs0_NtNtCsf7sMATW6VUN_10oxide_core6engine18navigation_runtimeNtB5_17NavigationRuntime3pop
FN:35,_RNvXs_NtNtCsf7sMATW6VUN_10oxide_core6engine18navigation_runtimeNtB4_18NavigationCommandsNtNtNtCs25LAAAjbyGa_4core3ops4drop4Drop4drop
FNDA:9,_RNvXs_NtNtCsdFPiKNhAdgX_10oxide_core6engine18navigation_runtimeNtB4_18NavigationCommandsNtNtNtCs25LAAAjbyGa_4core3ops4drop4Drop4drop
FNDA:10,_RNvMNtNtCsdFPiKNhAdgX_10oxide_core6engine18navigation_runtimeNtB2_18NavigationCommands4recv
FNDA:2,_RNvMs0_NtNtCsdFPiKNhAdgX_10oxide_core6engine18navigation_runtimeNtB5_17NavigationRuntime11emit_result
FNDA:10,_RNvMs0_NtNtCsdFPiKNhAdgX_10oxide_core6engine18navigation_runtimeNtB5_17NavigationRuntime12recv_command
FNDA:10,_RNvMs0_NtNtCsdFPiKNhAdgX_10oxide_core6engine18navigation_runtimeNtB5_17NavigationRuntime12send_command
FNDA:1,_RNvMs0_NtNtCsdFPiKNhAdgX_10oxide_core6engine18navigation_runtimeNtB5_17NavigationRuntime13pop_with_json
FNDA:1,_RNvMs0_NtNtCsdFPiKNhAdgX_10oxide_core6engine18navigation_runtimeNtB5_17NavigationRuntime17set_current_route
FNDA:10,_RNvMs0_NtNtCsdFPiKNhAdgX_10oxide_core6engine18navigation_runtimeNtB5_17NavigationRuntime18subscribe_commands
FNDA:10,_RNvMs0_NtNtCsdFPiKNhAdgX_10oxide_core6engine18navigation_runtimeNtB5_17NavigationRuntime21current_route_context
FNDA:1,_RNvMs0_NtNtCsdFPiKNhAdgX_10oxide_core6engine18navigation_runtimeNtB5_17NavigationRuntime23subscribe_route_context
FNDA:20,_RNvMs0_NtNtCsdFPiKNhAdgX_10oxide_core6engine18navigation_runtimeNtB5_17NavigationRuntime3new
FNDA:2,_RNvMs0_NtNtCsdFPiKNhAdgX_10oxide_core6engine18navigation_runtimeNtB5_17NavigationRuntime3pop
FNDA:0,_RNCNvMs0_NtNtCsdFPiKNhAdgX_10oxide_core6engine18navigation_runtimeNtB7_17NavigationRuntime12send_command0Bb_
FNDA:0,_RINvMs0_NtNtCsdFPiKNhAdgX_10oxide_core6engine18navigation_runtimeNtB6_17NavigationRuntime16push_with_ticketpEBa_
FNDA:0,_RINvMs0_NtNtCsdFPiKNhAdgX_10oxide_core6engine18navigation_runtimeNtB6_17NavigationRuntime4pushpEBa_
FNDA:0,_RINvMs0_NtNtCsdFPiKNhAdgX_10oxide_core6engine18navigation_runtimeNtB6_17NavigationRuntime5resetpEBa_
FNDA:0,_RINvMs0_NtNtCsdFPiKNhAdgX_10oxide_core6engine18navigation_runtimeNtB6_17NavigationRuntime9pop_untilpEBa_
FNDA:0,_RINvNtNtCsdFPiKNhAdgX_10oxide_core6engine18navigation_runtime26nav_route_from_oxide_routepEB6_
FNDA:0,_RINvNtNtCsdFPiKNhAdgX_10oxide_core6engine18navigation_runtime28nav_route_from_oxide_payloadpEB6_
FNDA:0,_RNCINvMs0_NtNtCsdFPiKNhAdgX_10oxide_core6engine18navigation_runtimeNtB8_17NavigationRuntime16push_with_ticketpE0Bc_
FNDA:0,_RNCINvNtNtCsdFPiKNhAdgX_10oxide_core6engine18navigation_runtime26nav_route_from_oxide_routepE0B8_
FNDA:0,_RNCINvNtNtCsdFPiKNhAdgX_10oxide_core6engine18navigation_runtime26nav_route_from_oxide_routepEs_0B8_
FNDA:0,_RNCINvNtNtCsdFPiKNhAdgX_10oxide_core6engine18navigation_runtime28nav_route_from_oxide_payloadpE0B8_
FNDA:0,_RNCNCINvNtNtCsdFPiKNhAdgX_10oxide_core6engine18navigation_runtime26nav_route_from_oxide_routepEs_00Ba_
FNDA:0,_RNCNvMNtNtCsdFPiKNhAdgX_10oxide_core6engine18navigation_runtimeNtB4_18NavigationCommands4recv0B8_
FNDA:0,_RNCNvMs0_NtNtCsdFPiKNhAdgX_10oxide_core6engine18navigation_runtimeNtB7_17NavigationRuntime11emit_result0Bb_
FNDA:0,_RNCNvMs0_NtNtCsdFPiKNhAdgX_10oxide_core6engine18navigation_runtimeNtB7_17NavigationRuntime12recv_command0Bb_
FNDA:1,_RINvMs0_NtNtCsdFPiKNhAdgX_10oxide_core6engine18navigation_runtimeNtB6_17NavigationRuntime16push_with_ticketNtCs8kv6T68cP8b_24navigation_runtime_tests9TestRouteEB1J_
FNDA:1,_RINvMs0_NtNtCsdFPiKNhAdgX_10oxide_core6engine18navigation_runtimeNtB6_17NavigationRuntime4pushNtCs8kv6T68cP8b_24navigation_runtime_tests15RouteWithExtrasEB1w_
FNDA:1,_RINvMs0_NtNtCsdFPiKNhAdgX_10oxide_core6engine18navigation_runtimeNtB6_17NavigationRuntime4pushNtCs8kv6T68cP8b_24navigation_runtime_tests18RouteWithBadExtrasEB1w_
FNDA:1,_RINvMs0_NtNtCsdFPiKNhAdgX_10oxide_core6engine18navigation_runtimeNtB6_17NavigationRuntime4pushNtCs8kv6T68cP8b_24navigation_runtime_tests8BadRouteEB1w_
FNDA:2,_RINvMs0_NtNtCsdFPiKNhAdgX_10oxide_core6engine18navigation_runtimeNtB6_17NavigationRuntime4pushNtCs8kv6T68cP8b_24navigation_runtime_tests9TestRouteEB1w_
FNDA:1,_RINvMs0_NtNtCsdFPiKNhAdgX_10oxide_core6engine18navigation_runtimeNtB6_17NavigationRuntime5resetNtCs8kv6T68cP8b_24navigation_runtime_tests14WrappedPayloadEB1x_
FNDA:1,_RINvMs0_NtNtCsdFPiKNhAdgX_10oxide_core6engine18navigation_runtimeNtB6_17NavigationRuntime5resetNtCs8kv6T68cP8b_24navigation_runtime_tests16BadPayloadScalarEB1x_
FNDA:1,_RINvMs0_NtNtCsdFPiKNhAdgX_10oxide_core6engine18navigation_runtimeNtB6_17NavigationRuntime5resetNtCs8kv6T68cP8b_24navigation_runtime_tests19BadPayloadSerializeEB1x_
FNDA:1,_RINvMs0_NtNtCsdFPiKNhAdgX_10oxide_core6engine18navigation_runtimeNtB6_17NavigationRuntime5resetNtCs8kv6T68cP8b_24navigation_runtime_tests19MissingPayloadFieldEB1x_
FNDA:2,_RINvMs0_NtNtCsdFPiKNhAdgX_10oxide_core6engine18navigation_runtimeNtB6_17NavigationRuntime9pop_untilNtCs8kv6T68cP8b_24navigation_runtime_tests13TestRouteKindEB1B_
FNDA:1,_RINvNtNtCsdFPiKNhAdgX_10oxide_core6engine18navigation_runtime26nav_route_from_oxide_routeNtCs8kv6T68cP8b_24navigation_runtime_tests15RouteWithExtrasEB1r_
FNDA:1,_RINvNtNtCsdFPiKNhAdgX_10oxide_core6engine18navigation_runtime26nav_route_from_oxide_routeNtCs8kv6T68cP8b_24navigation_runtime_tests18RouteWithBadExtrasEB1r_
FNDA:1,_RINvNtNtCsdFPiKNhAdgX_10oxide_core6engine18navigation_runtime26nav_route_from_oxide_routeNtCs8kv6T68cP8b_24navigation_runtime_tests8BadRouteEB1r_
FNDA:3,_RINvNtNtCsdFPiKNhAdgX_10oxide_core6engine18navigation_runtime26nav_route_from_oxide_routeNtCs8kv6T68cP8b_24navigation_runtime_tests9TestRouteEB1r_
FNDA:1,_RINvNtNtCsdFPiKNhAdgX_10oxide_core6engine18navigation_runtime28nav_route_from_oxide_payloadNtCs8kv6T68cP8b_24navigation_runtime_tests14WrappedPayloadEB1t_
FNDA:1,_RINvNtNtCsdFPiKNhAdgX_10oxide_core6engine18navigation_runtime28nav_route_from_oxide_payloadNtCs8kv6T68cP8b_24navigation_runtime_tests16BadPayloadScalarEB1t_
FNDA:1,_RINvNtNtCsdFPiKNhAdgX_10oxide_core6engine18navigation_runtime28nav_route_from_oxide_payloadNtCs8kv6T68cP8b_24navigation_runtime_tests19BadPayloadSerializeEB1t_
FNDA:1,_RINvNtNtCsdFPiKNhAdgX_10oxide_core6engine18navigation_runtime28nav_route_from_oxide_payloadNtCs8kv6T68cP8b_24navigation_runtime_tests19MissingPayloadFieldEB1t_
FNDA:1,_RNCINvMs0_NtNtCsdFPiKNhAdgX_10oxide_core6engine18navigation_runtimeNtB8_17NavigationRuntime16push_with_ticketNtCs8kv6T68cP8b_24navigation_runtime_tests9TestRouteE0B1L_
FNDA:0,_RNCINvNtNtCsdFPiKNhAdgX_10oxide_core6engine18navigation_runtime26nav_route_from_oxide_routeNtCs8kv6T68cP8b_24navigation_runtime_tests15RouteWithExtrasE0B1t_
FNDA:1,_RNCINvNtNtCsdFPiKNhAdgX_10oxide_core6engine18navigation_runtime26nav_route_from_oxide_routeNtCs8kv6T68cP8b_24navigation_runtime_tests15RouteWithExtrasEs_0B1t_
FNDA:0,_RNCINvNtNtCsdFPiKNhAdgX_10oxide_core6engine18navigation_runtime26nav_route_from_oxide_routeNtCs8kv6T68cP8b_24navigation_runtime_tests18RouteWithBadExtrasE0B1t_
FNDA:1,_RNCINvNtNtCsdFPiKNhAdgX_10oxide_core6engine18navigation_runtime26nav_route_from_oxide_routeNtCs8kv6T68cP8b_24navigation_runtime_tests18RouteWithBadExtrasEs_0B1t_
FNDA:1,_RNCINvNtNtCsdFPiKNhAdgX_10oxide_core6engine18navigation_runtime26nav_route_from_oxide_routeNtCs8kv6T68cP8b_24navigation_runtime_tests8BadRouteE0B1t_
FNDA:0,_RNCINvNtNtCsdFPiKNhAdgX_10oxide_core6engine18navigation_runtime26nav_route_from_oxide_routeNtCs8kv6T68cP8b_24navigation_runtime_tests8BadRouteEs_0B1t_
FNDA:0,_RNCINvNtNtCsdFPiKNhAdgX_10oxide_core6engine18navigation_runtime26nav_route_from_oxide_routeNtCs8kv6T68cP8b_24navigation_runtime_tests9TestRouteE0B1t_
FNDA:0,_RNCINvNtNtCsdFPiKNhAdgX_10oxide_core6engine18navigation_runtime26nav_route_from_oxide_routeNtCs8kv6T68cP8b_24navigation_runtime_tests9TestRouteEs_0B1t_
FNDA:0,_RNCINvNtNtCsdFPiKNhAdgX_10oxide_core6engine18navigation_runtime28nav_route_from_oxide_payloadNtCs8kv6T68cP8b_24navigation_runtime_tests14WrappedPayloadE0B1v_
FNDA:0,_RNCINvNtNtCsdFPiKNhAdgX_10oxide_core6engine18navigation_runtime28nav_route_from_oxide_payloadNtCs8kv6T68cP8b_24navigation_runtime_tests16BadPayloadScalarE0B1v_
FNDA:1,_RNCINvNtNtCsdFPiKNhAdgX_10oxide_core6engine18navigation_runtime28nav_route_from_oxide_payloadNtCs8kv6T68cP8b_24navigation_runtime_tests19BadPayloadSerializeE0B1v_
FNDA:0,_RNCINvNtNtCsdFPiKNhAdgX_10oxide_core6engine18navigation_runtime28nav_route_from_oxide_payloadNtCs8kv6T68cP8b_24navigation_runtime_tests19MissingPayloadFieldE0B1v_
FNDA:0,_RNCNCINvNtNtCsdFPiKNhAdgX_10oxide_core6engine18navigation_runtime26nav_route_from_oxide_routeNtCs8kv6T68cP8b_24navigation_runtime_tests15RouteWithExtrasEs_00B1v_
FNDA:1,_RNCNCINvNtNtCsdFPiKNhAdgX_10oxide_core6engine18navigation_runtime26nav_route_from_oxide_routeNtCs8kv6T68cP8b_24navigation_runtime_tests18RouteWithBadExtrasEs_00B1v_
FNDA:0,_RNCNCINvNtNtCsdFPiKNhAdgX_10oxide_core6engine18navigation_runtime26nav_route_from_oxide_routeNtCs8kv6T68cP8b_24navigation_runtime_tests8BadRouteEs_00B1v_
FNDA:0,_RNCNCINvNtNtCsdFPiKNhAdgX_10oxide_core6engine18navigation_runtime26nav_route_from_oxide_routeNtCs8kv6T68cP8b_24navigation_runtime_tests9TestRouteEs_00B1v_
FNDA:10,_RNCNvMNtNtCsdFPiKNhAdgX_10oxide_core6engine18navigation_runtimeNtB4_18NavigationCommands4recv0Cs8kv6T68cP8b_24navigation_runtime_tests
FNDA:2,_RNCNvMs0_NtNtCsdFPiKNhAdgX_10oxide_core6engine18navigation_runtimeNtB7_17NavigationRuntime11emit_result0Cs8kv6T68cP8b_24navigation_runtime_tests
FNDA:10,_RNCNvMs0_NtNtCsdFPiKNhAdgX_10oxide_core6engine18navigation_runtimeNtB7_17NavigationRuntime12recv_command0Cs8kv6T68cP8b_24navigation_runtime_tests
FNDA:14,_RNvMs0_NtNtCsf7sMATW6VUN_10oxide_core6engine18navigation_runtimeNtB5_17NavigationRuntime21current_route_context
FNDA:1,_RNvMs0_NtNtCsf7sMATW6VUN_10oxide_core6engine18navigation_runtimeNtB5_17NavigationRuntime3new
FNDA:0,_RINvMs0_NtNtCsf7sMATW6VUN_10oxide_core6engine18navigation_runtimeNtB6_17NavigationRuntime16push_with_ticketpEBa_
FNDA:0,_RINvMs0_NtNtCsf7sMATW6VUN_10oxide_core6engine18navigation_runtimeNtB6_17NavigationRuntime4pushpEBa_
FNDA:0,_RINvMs0_NtNtCsf7sMATW6VUN_10oxide_core6engine18navigation_runtimeNtB6_17NavigationRuntime5resetpEBa_
FNDA:0,_RINvMs0_NtNtCsf7sMATW6VUN_10oxide_core6engine18navigation_runtimeNtB6_17NavigationRuntime9pop_untilpEBa_
FNDA:0,_RINvNtNtCsf7sMATW6VUN_10oxide_core6engine18navigation_runtime26nav_route_from_oxide_routepEB6_
FNDA:0,_RINvNtNtCsf7sMATW6VUN_10oxide_core6engine18navigation_runtime28nav_route_from_oxide_payloadpEB6_
FNDA:0,_RNCINvMs0_NtNtCsf7sMATW6VUN_10oxide_core6engine18navigation_runtimeNtB8_17NavigationRuntime16push_with_ticketpE0Bc_
FNDA:0,_RNCINvNtNtCsf7sMATW6VUN_10oxide_core6engine18navigation_runtime26nav_route_from_oxide_routepE0B8_
FNDA:0,_RNCINvNtNtCsf7sMATW6VUN_10oxide_core6engine18navigation_runtime26nav_route_from_oxide_routepEs_0B8_
FNDA:0,_RNCINvNtNtCsf7sMATW6VUN_10oxide_core6engine18navigation_runtime28nav_route_from_oxide_payloadpE0B8_
FNDA:0,_RNCNCINvNtNtCsf7sMATW6VUN_10oxide_core6engine18navigation_runtime26nav_route_from_oxide_routepEs_00Ba_
FNDA:0,_RNCNvMNtNtCsf7sMATW6VUN_10oxide_core6engine18navigation_runtimeNtB4_18NavigationCommands4recv0B8_
FNDA:0,_RNCNvMs0_NtNtCsf7sMATW6VUN_10oxide_core6engine18navigation_runtimeNtB7_17NavigationRuntime11emit_result0Bb_
FNDA:0,_RNCNvMs0_NtNtCsf7sMATW6VUN_10oxide_core6engine18navigation_runtimeNtB7_17NavigationRuntime12recv_command0Bb_
FNDA:0,_RNCNvMs0_NtNtCsf7sMATW6VUN_10oxide_core6engine18navigation_runtimeNtB7_17NavigationRuntime12send_command0Bb_
FNDA:0,_RNvMNtNtCsf7sMATW6VUN_10oxide_core6engine18navigation_runtimeNtB2_18NavigationCommands4recv
FNDA:0,_RNvMs0_NtNtCsf7sMATW6VUN_10oxide_core6engine18navigation_runtimeNtB5_17NavigationRuntime11emit_result
FNDA:0,_RNvMs0_NtNtCsf7sMATW6VUN_10oxide_core6engine18navigation_runtimeNtB5_17NavigationRuntime12recv_command
FNDA:0,_RNvMs0_NtNtCsf7sMATW6VUN_10oxide_core6engine18navigation_runtimeNtB5_17NavigationRuntime12send_command
FNDA:0,_RNvMs0_NtNtCsf7sMATW6VUN_10oxide_core6engine18navigation_runtimeNtB5_17NavigationRuntime13pop_with_json
FNDA:0,_RNvMs0_NtNtCsf7sMATW6VUN_10oxide_core6engine18navigation_runtimeNtB5_17NavigationRuntime17set_current_route
FNDA:0,_RNvMs0_NtNtCsf7sMATW6VUN_10oxide_core6engine18navigation_runtimeNtB5_17NavigationRuntime18subscribe_commands
FNDA:0,_RNvMs0_NtNtCsf7sMATW6VUN_10oxide_core6engine18navigation_runtimeNtB5_17NavigationRuntime23subscribe_route_context
FNDA:0,_RNvMs0_NtNtCsf7sMATW6VUN_10oxide_core6engine18navigation_runtimeNtB5_17NavigationRuntime3pop
FNDA:0,_RNvXs_NtNtCsf7sMATW6VUN_10oxide_core6engine18navigation_runtimeNtB4_18NavigationCommandsNtNtNtCs25LAAAjbyGa_4core3ops4drop4Drop4drop
FNF:27
FNH:26
DA:29,10
DA:30,10
DA:31,10
DA:35,9
DA:36,9
DA:37,9
DA:38,9
DA:39,9
DA:44,21
DA:45,21
DA:46,21
DA:48,21
DA:49,21
DA:50,21
DA:51,21
DA:52,21
DA:53,21
DA:54,21
DA:55,21
DA:61,10
DA:62,10
DA:63,10
DA:64,10
DA:66,1
DA:67,1
DA:68,1
DA:69,9
DA:71,9
DA:72,10
DA:75,1
DA:76,1
DA:77,1
DA:80,24
DA:81,24
DA:82,24
DA:85,1
DA:86,1
DA:87,1
DA:90,5
DA:91,5
DA:92,5
DA:93,3
DA:95,5
DA:98,1
DA:99,1
DA:100,1
DA:101,1
DA:102,1
DA:103,1
DA:104,1
DA:105,1
DA:106,0
DA:107,1
DA:108,1
DA:111,2
DA:112,2
DA:113,2
DA:116,1
DA:117,1
DA:118,1
DA:121,2
DA:122,2
DA:123,2
DA:124,2
DA:125,2
DA:128,4
DA:129,4
DA:130,4
DA:131,4
DA:133,1
DA:134,4
DA:137,2
DA:138,2
DA:139,2
DA:141,10
DA:142,10
DA:143,10
DA:144,10
DA:145,0
DA:146,0
DA:147,10
DA:149,10
DA:150,10
DA:151,10
DA:152,10
DA:155,6
DA:156,6
DA:157,6
DA:158,6
DA:159,6
DA:160,6
DA:161,6
DA:162,6
DA:163,1
DA:164,1
DA:165,5
DA:166,5
DA:167,5
DA:168,2
DA:169,1
DA:170,1
DA:171,2
DA:172,5
DA:174,4
DA:175,6
DA:177,4
DA:178,4
DA:179,4
DA:180,1
DA:181,1
DA:182,2
DA:183,1
DA:185,1
DA:186,1
DA:187,1
DA:191,1
DA:192,1
DA:193,1
DA:196,1
DA:197,1
DA:198,1
DA:199,1
DA:200,1
DA:201,4
BRF:0
BRH:0
LF:131
LH:120
end_of_record
SF:G:\Dev\Projects\OpenSource\Oxide-Stack\Oxide\rust\oxide_core\src\engine\navigation_singleton.rs
FN:20,_RNCNvNtNtCsdFPiKNhAdgX_10oxide_core6engine20navigation_singleton18navigation_runtime0B7_
FN:12,_RNvNtNtCsdFPiKNhAdgX_10oxide_core6engine20navigation_singleton15init_navigation
FN:18,_RNvNtNtCsdFPiKNhAdgX_10oxide_core6engine20navigation_singleton18navigation_runtime
FN:12,_RNvNtNtCsf7sMATW6VUN_10oxide_core6engine20navigation_singleton15init_navigation
FN:18,_RNvNtNtCsf7sMATW6VUN_10oxide_core6engine20navigation_singleton18navigation_runtime
FN:20,_RNCNvNtNtCsf7sMATW6VUN_10oxide_core6engine20navigation_singleton18navigation_runtime0B7_
FNDA:2,_RNCNvNtNtCsdFPiKNhAdgX_10oxide_core6engine20navigation_singleton18navigation_runtime0B7_
FNDA:8,_RNvNtNtCsdFPiKNhAdgX_10oxide_core6engine20navigation_singleton15init_navigation
FNDA:12,_RNvNtNtCsdFPiKNhAdgX_10oxide_core6engine20navigation_singleton18navigation_runtime
FNDA:14,_RNvNtNtCsf7sMATW6VUN_10oxide_core6engine20navigation_singleton15init_navigation
FNDA:14,_RNvNtNtCsf7sMATW6VUN_10oxide_core6engine20navigation_singleton18navigation_runtime
FNDA:0,_RNCNvNtNtCsf7sMATW6VUN_10oxide_core6engine20navigation_singleton18navigation_runtime0B7_
FNF:3
FNH:3
DA:12,22
DA:13,22
DA:14,22
DA:15,22
DA:18,26
DA:19,26
DA:20,2
DA:21,2
DA:22,26
BRF:0
BRH:0
LF:9
LH:9
end_of_record
SF:G:\Dev\Projects\OpenSource\Oxide-Stack\Oxide\rust\oxide_core\src\engine\navigation_ticket_registry.rs
FN:29,_RNvMNtNtCsdFPiKNhAdgX_10oxide_core6engine26navigation_ticket_registryNtB2_14TicketRegistry13create_ticket
FN:21,_RNvMNtNtCsdFPiKNhAdgX_10oxide_core6engine26navigation_ticket_registryNtB2_14TicketRegistry3new
FN:41,_RNvMNtNtCsdFPiKNhAdgX_10oxide_core6engine26navigation_ticket_registryNtB2_14TicketRegistry7resolve
FN:29,_RNCNvMNtNtCsdFPiKNhAdgX_10oxide_core6engine26navigation_ticket_registryNtB4_14TicketRegistry13create_ticket0B8_
FN:41,_RNCNvMNtNtCsdFPiKNhAdgX_10oxide_core6engine26navigation_ticket_registryNtB4_14TicketRegistry7resolve0B8_
FN:29,_RNCNvMNtNtCsdFPiKNhAdgX_10oxide_core6engine26navigation_ticket_registryNtB4_14TicketRegistry13create_ticket0Cs8kv6T68cP8b_24navigation_runtime_tests
FN:41,_RNCNvMNtNtCsdFPiKNhAdgX_10oxide_core6engine26navigation_ticket_registryNtB4_14TicketRegistry7resolve0Cs8kv6T68cP8b_24navigation_runtime_tests
FN:29,_RNCNvMNtNtCsf7sMATW6VUN_10oxide_core6engine26navigation_ticket_registryNtB4_14TicketRegistry13create_ticket0B8_
FN:41,_RNCNvMNtNtCsf7sMATW6VUN_10oxide_core6engine26navigation_ticket_registryNtB4_14TicketRegistry7resolve0B8_
FN:29,_RNvMNtNtCsf7sMATW6VUN_10oxide_core6engine26navigation_ticket_registryNtB2_14TicketRegistry13create_ticket
FN:41,_RNvMNtNtCsf7sMATW6VUN_10oxide_core6engine26navigation_ticket_registryNtB2_14TicketRegistry7resolve
FN:21,_RNvMNtNtCsf7sMATW6VUN_10oxide_core6engine26navigation_ticket_registryNtB2_14TicketRegistry3new
FNDA:1,_RNvMNtNtCsdFPiKNhAdgX_10oxide_core6engine26navigation_ticket_registryNtB2_14TicketRegistry13create_ticket
FNDA:20,_RNvMNtNtCsdFPiKNhAdgX_10oxide_core6engine26navigation_ticket_registryNtB2_14TicketRegistry3new
FNDA:2,_RNvMNtNtCsdFPiKNhAdgX_10oxide_core6engine26navigation_ticket_registryNtB2_14TicketRegistry7resolve
FNDA:0,_RNCNvMNtNtCsdFPiKNhAdgX_10oxide_core6engine26navigation_ticket_registryNtB4_14TicketRegistry13create_ticket0B8_
FNDA:0,_RNCNvMNtNtCsdFPiKNhAdgX_10oxide_core6engine26navigation_ticket_registryNtB4_14TicketRegistry7resolve0B8_
FNDA:1,_RNCNvMNtNtCsdFPiKNhAdgX_10oxide_core6engine26navigation_ticket_registryNtB4_14TicketRegistry13create_ticket0Cs8kv6T68cP8b_24navigation_runtime_tests
FNDA:2,_RNCNvMNtNtCsdFPiKNhAdgX_10oxide_core6engine26navigation_ticket_registryNtB4_14TicketRegistry7resolve0Cs8kv6T68cP8b_24navigation_runtime_tests
FNDA:0,_RNCNvMNtNtCsf7sMATW6VUN_10oxide_core6engine26navigation_ticket_registryNtB4_14TicketRegistry13create_ticket0B8_
FNDA:0,_RNCNvMNtNtCsf7sMATW6VUN_10oxide_core6engine26navigation_ticket_registryNtB4_14TicketRegistry7resolve0B8_
FNDA:0,_RNvMNtNtCsf7sMATW6VUN_10oxide_core6engine26navigation_ticket_registryNtB2_14TicketRegistry13create_ticket
FNDA:0,_RNvMNtNtCsf7sMATW6VUN_10oxide_core6engine26navigation_ticket_registryNtB2_14TicketRegistry7resolve
FNDA:1,_RNvMNtNtCsf7sMATW6VUN_10oxide_core6engine26navigation_ticket_registryNtB2_14TicketRegistry3new
FNF:5
FNH:5
DA:21,21
DA:22,21
DA:23,21
DA:24,21
DA:25,21
DA:26,21
DA:29,1
DA:30,1
DA:31,1
DA:32,1
DA:34,1
DA:35,1
DA:37,1
DA:38,1
DA:41,2
DA:42,2
DA:43,2
DA:44,2
DA:47,2
DA:48,1
DA:49,1
DA:51,1
DA:53,2
BRF:0
BRH:0
LF:25
LH:25
end_of_record
SF:G:\Dev\Projects\OpenSource\Oxide-Stack\Oxide\rust\oxide_core\src\engine\reducer_engine.rs
FN:339,_RINvNtNtCsdFPiKNhAdgX_10oxide_core6engine14reducer_engine15sideeffect_loopppEB6_
FN:345,_RNCINvNtNtCsdFPiKNhAdgX_10oxide_core6engine14reducer_engine15sideeffect_loopppE0B8_
FN:128,_RNCNCNvMs_NtNtCsdFPiKNhAdgX_10oxide_core6engine14reducer_engineINtB8_13ReducerEngineppE14new_persistent00Bc_
FN:144,_RNCNCNvMs_NtNtCsdFPiKNhAdgX_10oxide_core6engine14reducer_engineINtB8_13ReducerEngineppE14new_persistent0s0_0Bc_
FN:139,_RNCNCNvMs_NtNtCsdFPiKNhAdgX_10oxide_core6engine14reducer_engineINtB8_13ReducerEngineppE14new_persistent0s_0Bc_
FN:194,_RNCNCNvMs_NtNtCsdFPiKNhAdgX_10oxide_core6engine14reducer_engineINtB8_13ReducerEngineppE9new_inner00Bc_
FN:122,_RNCNvMs_NtNtCsdFPiKNhAdgX_10oxide_core6engine14reducer_engineINtB6_13ReducerEngineppE14new_persistent0Ba_
FN:106,_RNCNvMs_NtNtCsdFPiKNhAdgX_10oxide_core6engine14reducer_engineINtB6_13ReducerEngineppE3new0Ba_
FN:297,_RNCNvMs_NtNtCsdFPiKNhAdgX_10oxide_core6engine14reducer_engineINtB6_13ReducerEngineppE7current0Ba_
FN:216,_RNCNvMs_NtNtCsdFPiKNhAdgX_10oxide_core6engine14reducer_engineINtB6_13ReducerEngineppE8dispatch0Ba_
FN:154,_RNCNvMs_NtNtCsdFPiKNhAdgX_10oxide_core6engine14reducer_engineINtB6_13ReducerEngineppE9new_inner0Ba_
FN:115,_RNvMs_NtNtCsdFPiKNhAdgX_10oxide_core6engine14reducer_engineINtB4_13ReducerEngineppE14new_persistentB8_
FN:320,_RNvMs_NtNtCsdFPiKNhAdgX_10oxide_core6engine14reducer_engineINtB4_13ReducerEngineppE16subscribe_errorsB8_
FN:202,_RNvMs_NtNtCsdFPiKNhAdgX_10oxide_core6engine14reducer_engineINtB4_13ReducerEngineppE17sideeffect_senderB8_
FN:324,_RNvMs_NtNtCsdFPiKNhAdgX_10oxide_core6engine14reducer_engineINtB4_13ReducerEngineppE18persist_if_enabledB8_
FN:106,_RNvMs_NtNtCsdFPiKNhAdgX_10oxide_core6engine14reducer_engineINtB4_13ReducerEngineppE3newB8_
FN:297,_RNvMs_NtNtCsdFPiKNhAdgX_10oxide_core6engine14reducer_engineINtB4_13ReducerEngineppE7currentB8_
FN:213,_RNvMs_NtNtCsdFPiKNhAdgX_10oxide_core6engine14reducer_engineINtB4_13ReducerEngineppE8dispatchB8_
FN:149,_RNvMs_NtNtCsdFPiKNhAdgX_10oxide_core6engine14reducer_engineINtB4_13ReducerEngineppE9new_innerB8_
FN:310,_RNvMs_NtNtCsdFPiKNhAdgX_10oxide_core6engine14reducer_engineINtB4_13ReducerEngineppE9subscribeB8_
FN:93,_RNvXININtNtCsdFPiKNhAdgX_10oxide_core6engine14reducer_engine0ppEINtB5_13ReducerEngineppENtNtCs25LAAAjbyGa_4core5clone5Clone5cloneB9_
FN:339,_RINvNtNtCsdFPiKNhAdgX_10oxide_core6engine14reducer_engine15sideeffect_loopNtCs7Mb8zBnXpad_31navigation_uninitialized_errors11TestReduceruEB1c_
FN:345,_RNCINvNtNtCsdFPiKNhAdgX_10oxide_core6engine14reducer_engine15sideeffect_loopNtCs7Mb8zBnXpad_31navigation_uninitialized_errors11TestReduceruE0B1e_
FN:194,_RNCNCNvMs_NtNtCsdFPiKNhAdgX_10oxide_core6engine14reducer_engineINtB8_13ReducerEngineNtCs7Mb8zBnXpad_31navigation_uninitialized_errors11TestReducerE9new_inner00B1m_
FN:106,_RNCNvMs_NtNtCsdFPiKNhAdgX_10oxide_core6engine14reducer_engineINtB6_13ReducerEngineNtCs7Mb8zBnXpad_31navigation_uninitialized_errors11TestReducerE3new0B1k_
FN:154,_RNCNvMs_NtNtCsdFPiKNhAdgX_10oxide_core6engine14reducer_engineINtB6_13ReducerEngineNtCs7Mb8zBnXpad_31navigation_uninitialized_errors11TestReducerE9new_inner0B1k_
FN:320,_RNvMs_NtNtCsdFPiKNhAdgX_10oxide_core6engine14reducer_engineINtB4_13ReducerEngineNtCs7Mb8zBnXpad_31navigation_uninitialized_errors11TestReducerE16subscribe_errorsB1i_
FN:202,_RNvMs_NtNtCsdFPiKNhAdgX_10oxide_core6engine14reducer_engineINtB4_13ReducerEngineNtCs7Mb8zBnXpad_31navigation_uninitialized_errors11TestReducerE17sideeffect_senderB1i_
FN:106,_RNvMs_NtNtCsdFPiKNhAdgX_10oxide_core6engine14reducer_engineINtB4_13ReducerEngineNtCs7Mb8zBnXpad_31navigation_uninitialized_errors11TestReducerE3newB1i_
FN:149,_RNvMs_NtNtCsdFPiKNhAdgX_10oxide_core6engine14reducer_engineINtB4_13ReducerEngineNtCs7Mb8zBnXpad_31navigation_uninitialized_errors11TestReducerE9new_innerB1i_
FN:339,_RINvNtNtCsf7sMATW6VUN_10oxide_core6engine14reducer_engine15sideeffect_loopNtNCNvNtB6_5testss_42engine_reports_persistence_encode_failures010BadReduceruEB6_
FN:339,_RINvNtNtCsf7sMATW6VUN_10oxide_core6engine14reducer_engine15sideeffect_loopNtNCNvNtB6_5testss_51sideeffect_loop_reports_persistence_encode_failures010BadReduceruEB6_
FN:339,_RINvNtNtCsf7sMATW6VUN_10oxide_core6engine14reducer_engine15sideeffect_loopNtNCNvNtB6_5testss_55sideeffect_loop_persistence_success_writes_latest_state014PersistReduceruEB6_
FN:339,_RINvNtNtCsf7sMATW6VUN_10oxide_core6engine14reducer_engine15sideeffect_loopNtNtB6_5tests11TestReduceruEB6_
FN:345,_RNCINvNtNtCsf7sMATW6VUN_10oxide_core6engine14reducer_engine15sideeffect_loopNtNCNvNtB8_5testss_42engine_reports_persistence_encode_failures010BadReduceruE0B8_
FN:345,_RNCINvNtNtCsf7sMATW6VUN_10oxide_core6engine14reducer_engine15sideeffect_loopNtNCNvNtB8_5testss_51sideeffect_loop_reports_persistence_encode_failures010BadReduceruE0B8_
FN:345,_RNCINvNtNtCsf7sMATW6VUN_10oxide_core6engine14reducer_engine15sideeffect_loopNtNCNvNtB8_5testss_55sideeffect_loop_persistence_success_writes_latest_state014PersistReduceruE0B8_
FN:345,_RNCINvNtNtCsf7sMATW6VUN_10oxide_core6engine14reducer_engine15sideeffect_loopNtNtB8_5tests11TestReduceruE0B8_
FN:128,_RNCNCNvMs_NtNtCsf7sMATW6VUN_10oxide_core6engine14reducer_engineINtB8_13ReducerEngineNtNCNvNtBc_5testss_42engine_reports_persistence_encode_failures010BadReducerE14new_persistent00Bc_
FN:144,_RNCNCNvMs_NtNtCsf7sMATW6VUN_10oxide_core6engine14reducer_engineINtB8_13ReducerEngineNtNCNvNtBc_5testss_42engine_reports_persistence_encode_failures010BadReducerE14new_persistent0s0_0Bc_
FN:139,_RNCNCNvMs_NtNtCsf7sMATW6VUN_10oxide_core6engine14reducer_engineINtB8_13ReducerEngineNtNCNvNtBc_5testss_42engine_reports_persistence_encode_failures010BadReducerE14new_persistent0s_0Bc_
FN:194,_RNCNCNvMs_NtNtCsf7sMATW6VUN_10oxide_core6engine14reducer_engineINtB8_13ReducerEngineNtNCNvNtBc_5testss_42engine_reports_persistence_encode_failures010BadReducerE9new_inner00Bc_
FN:128,_RNCNCNvMs_NtNtCsf7sMATW6VUN_10oxide_core6engine14reducer_engineINtB8_13ReducerEngineNtNCNvNtBc_5testss_51sideeffect_loop_reports_persistence_encode_failures010BadReducerE14new_persistent00Bc_
FN:144,_RNCNCNvMs_NtNtCsf7sMATW6VUN_10oxide_core6engine14reducer_engineINtB8_13ReducerEngineNtNCNvNtBc_5testss_51sideeffect_loop_reports_persistence_encode_failures010BadReducerE14new_persistent0s0_0Bc_
FN:139,_RNCNCNvMs_NtNtCsf7sMATW6VUN_10oxide_core6engine14reducer_engineINtB8_13ReducerEngineNtNCNvNtBc_5testss_51sideeffect_loop_reports_persistence_encode_failures010BadReducerE14new_persistent0s_0Bc_
FN:194,_RNCNCNvMs_NtNtCsf7sMATW6VUN_10oxide_core6engine14reducer_engineINtB8_13ReducerEngineNtNCNvNtBc_5testss_51sideeffect_loop_reports_persistence_encode_failures010BadReducerE9new_inner00Bc_
FN:128,_RNCNCNvMs_NtNtCsf7sMATW6VUN_10oxide_core6engine14reducer_engineINtB8_13ReducerEngineNtNCNvNtBc_5testss_55sideeffect_loop_persistence_success_writes_latest_state014PersistReducerE14new_persistent00Bc_
FN:144,_RNCNCNvMs_NtNtCsf7sMATW6VUN_10oxide_core6engine14reducer_engineINtB8_13ReducerEngineNtNCNvNtBc_5testss_55sideeffect_loop_persistence_success_writes_latest_state014PersistReducerE14new_persistent0s0_0Bc_
FN:139,_RNCNCNvMs_NtNtCsf7sMATW6VUN_10oxide_core6engine14reducer_engineINtB8_13ReducerEngineNtNCNvNtBc_5testss_55sideeffect_loop_persistence_success_writes_latest_state014PersistReducerE14new_persistent0s_0Bc_
FN:194,_RNCNCNvMs_NtNtCsf7sMATW6VUN_10oxide_core6engine14reducer_engineINtB8_13ReducerEngineNtNCNvNtBc_5testss_55sideeffect_loop_persistence_success_writes_latest_state014PersistReducerE9new_inner00Bc_
FN:194,_RNCNCNvMs_NtNtCsf7sMATW6VUN_10oxide_core6engine14reducer_engineINtB8_13ReducerEngineNtNtBc_5tests11TestReducerE9new_inner00Bc_
FN:122,_RNCNvMs_NtNtCsf7sMATW6VUN_10oxide_core6engine14reducer_engineINtB6_13ReducerEngineNtNCNvNtBa_5testss_42engine_reports_persistence_encode_failures010BadReducerE14new_persistent0Ba_
FN:216,_RNCNvMs_NtNtCsf7sMATW6VUN_10oxide_core6engine14reducer_engineINtB6_13ReducerEngineNtNCNvNtBa_5testss_42engine_reports_persistence_encode_failures010BadReducerE8dispatch0Ba_
FN:154,_RNCNvMs_NtNtCsf7sMATW6VUN_10oxide_core6engine14reducer_engineINtB6_13ReducerEngineNtNCNvNtBa_5testss_42engine_reports_persistence_encode_failures010BadReducerE9new_inner0Ba_
FN:122,_RNCNvMs_NtNtCsf7sMATW6VUN_10oxide_core6engine14reducer_engineINtB6_13ReducerEngineNtNCNvNtBa_5testss_51sideeffect_loop_reports_persistence_encode_failures010BadReducerE14new_persistent0Ba_
FN:154,_RNCNvMs_NtNtCsf7sMATW6VUN_10oxide_core6engine14reducer_engineINtB6_13ReducerEngineNtNCNvNtBa_5testss_51sideeffect_loop_reports_persistence_encode_failures010BadReducerE9new_inner0Ba_
FN:122,_RNCNvMs_NtNtCsf7sMATW6VUN_10oxide_core6engine14reducer_engineINtB6_13ReducerEngineNtNCNvNtBa_5testss_55sideeffect_loop_persistence_success_writes_latest_state014PersistReducerE14new_persistent0Ba_
FN:154,_RNCNvMs_NtNtCsf7sMATW6VUN_10oxide_core6engine14reducer_engineINtB6_13ReducerEngineNtNCNvNtBa_5testss_55sideeffect_loop_persistence_success_writes_latest_state014PersistReducerE9new_inner0Ba_
FN:106,_RNCNvMs_NtNtCsf7sMATW6VUN_10oxide_core6engine14reducer_engineINtB6_13ReducerEngineNtNtBa_5tests11TestReducerE3new0Ba_
FN:297,_RNCNvMs_NtNtCsf7sMATW6VUN_10oxide_core6engine14reducer_engineINtB6_13ReducerEngineNtNtBa_5tests11TestReducerE7current0Ba_
FN:216,_RNCNvMs_NtNtCsf7sMATW6VUN_10oxide_core6engine14reducer_engineINtB6_13ReducerEngineNtNtBa_5tests11TestReducerE8dispatch0Ba_
FN:154,_RNCNvMs_NtNtCsf7sMATW6VUN_10oxide_core6engine14reducer_engineINtB6_13ReducerEngineNtNtBa_5tests11TestReducerE9new_inner0Ba_
FN:115,_RNvMs_NtNtCsf7sMATW6VUN_10oxide_core6engine14reducer_engineINtB4_13ReducerEngineNtNCNvNtB8_5testss_42engine_reports_persistence_encode_failures010BadReducerE14new_persistentB8_
FN:320,_RNvMs_NtNtCsf7sMATW6VUN_10oxide_core6engine14reducer_engineINtB4_13ReducerEngineNtNCNvNtB8_5testss_42engine_reports_persistence_encode_failures010BadReducerE16subscribe_errorsB8_
FN:324,_RNvMs_NtNtCsf7sMATW6VUN_10oxide_core6engine14reducer_engineINtB4_13ReducerEngineNtNCNvNtB8_5testss_42engine_reports_persistence_encode_failures010BadReducerE18persist_if_enabledB8_
FN:213,_RNvMs_NtNtCsf7sMATW6VUN_10oxide_core6engine14reducer_engineINtB4_13ReducerEngineNtNCNvNtB8_5testss_42engine_reports_persistence_encode_failures010BadReducerE8dispatchB8_
FN:149,_RNvMs_NtNtCsf7sMATW6VUN_10oxide_core6engine14reducer_engineINtB4_13ReducerEngineNtNCNvNtB8_5testss_42engine_reports_persistence_encode_failures010BadReducerE9new_innerB8_
FN:115,_RNvMs_NtNtCsf7sMATW6VUN_10oxide_core6engine14reducer_engineINtB4_13ReducerEngineNtNCNvNtB8_5testss_51sideeffect_loop_reports_persistence_encode_failures010BadReducerE14new_persistentB8_
FN:320,_RNvMs_NtNtCsf7sMATW6VUN_10oxide_core6engine14reducer_engineINtB4_13ReducerEngineNtNCNvNtB8_5testss_51sideeffect_loop_reports_persistence_encode_failures010BadReducerE16subscribe_errorsB8_
FN:202,_RNvMs_NtNtCsf7sMATW6VUN_10oxide_core6engine14reducer_engineINtB4_13ReducerEngineNtNCNvNtB8_5testss_51sideeffect_loop_reports_persistence_encode_failures010BadReducerE17sideeffect_senderB8_
FN:149,_RNvMs_NtNtCsf7sMATW6VUN_10oxide_core6engine14reducer_engineINtB4_13ReducerEngineNtNCNvNtB8_5testss_51sideeffect_loop_reports_persistence_encode_failures010BadReducerE9new_innerB8_
FN:115,_RNvMs_NtNtCsf7sMATW6VUN_10oxide_core6engine14reducer_engineINtB4_13ReducerEngineNtNCNvNtB8_5testss_55sideeffect_loop_persistence_success_writes_latest_state014PersistReducerE14new_persistentB8_
FN:202,_RNvMs_NtNtCsf7sMATW6VUN_10oxide_core6engine14reducer_engineINtB4_13ReducerEngineNtNCNvNtB8_5testss_55sideeffect_loop_persistence_success_writes_latest_state014PersistReducerE17sideeffect_senderB8_
FN:149,_RNvMs_NtNtCsf7sMATW6VUN_10oxide_core6engine14reducer_engineINtB4_13ReducerEngineNtNCNvNtB8_5testss_55sideeffect_loop_persistence_success_writes_latest_state014PersistReducerE9new_innerB8_
FN:310,_RNvMs_NtNtCsf7sMATW6VUN_10oxide_core6engine14reducer_engineINtB4_13ReducerEngineNtNCNvNtB8_5testss_55sideeffect_loop_persistence_success_writes_latest_state014PersistReducerE9subscribeB8_
FN:320,_RNvMs_NtNtCsf7sMATW6VUN_10oxide_core6engine14reducer_engineINtB4_13ReducerEngineNtNtB8_5tests11TestReducerE16subscribe_errorsB8_
FN:202,_RNvMs_NtNtCsf7sMATW6VUN_10oxide_core6engine14reducer_engineINtB4_13ReducerEngineNtNtB8_5tests11TestReducerE17sideeffect_senderB8_
FN:324,_RNvMs_NtNtCsf7sMATW6VUN_10oxide_core6engine14reducer_engineINtB4_13ReducerEngineNtNtB8_5tests11TestReducerE18persist_if_enabledB8_
FN:106,_RNvMs_NtNtCsf7sMATW6VUN_10oxide_core6engine14reducer_engineINtB4_13ReducerEngineNtNtB8_5tests11TestReducerE3newB8_
FN:297,_RNvMs_NtNtCsf7sMATW6VUN_10oxide_core6engine14reducer_engineINtB4_13ReducerEngineNtNtB8_5tests11TestReducerE7currentB8_
FN:213,_RNvMs_NtNtCsf7sMATW6VUN_10oxide_core6engine14reducer_engineINtB4_13ReducerEngineNtNtB8_5tests11TestReducerE8dispatchB8_
FN:149,_RNvMs_NtNtCsf7sMATW6VUN_10oxide_core6engine14reducer_engineINtB4_13ReducerEngineNtNtB8_5tests11TestReducerE9new_innerB8_
FN:310,_RNvMs_NtNtCsf7sMATW6VUN_10oxide_core6engine14reducer_engineINtB4_13ReducerEngineNtNtB8_5tests11TestReducerE9subscribeB8_
FN:93,_RNvXNtNtCsf7sMATW6VUN_10oxide_core6engine14reducer_engineINtB2_13ReducerEngineNtNtB6_5tests11TestReducerENtNtCs25LAAAjbyGa_4core5clone5Clone5cloneB6_
FN:339,_RINvNtNtCsdFPiKNhAdgX_10oxide_core6engine14reducer_engine15sideeffect_loopNtCsc9KcVnE63lh_24persistence_corrupt_data11ReducerImpluEB1c_
FN:345,_RNCINvNtNtCsdFPiKNhAdgX_10oxide_core6engine14reducer_engine15sideeffect_loopNtCsc9KcVnE63lh_24persistence_corrupt_data11ReducerImpluE0B1e_
FN:128,_RNCNCNvMs_NtNtCsdFPiKNhAdgX_10oxide_core6engine14reducer_engineINtB8_13ReducerEngineNtCsc9KcVnE63lh_24persistence_corrupt_data11ReducerImplE14new_persistent00B1m_
FN:144,_RNCNCNvMs_NtNtCsdFPiKNhAdgX_10oxide_core6engine14reducer_engineINtB8_13ReducerEngineNtCsc9KcVnE63lh_24persistence_corrupt_data11ReducerImplE14new_persistent0s0_0B1m_
FN:139,_RNCNCNvMs_NtNtCsdFPiKNhAdgX_10oxide_core6engine14reducer_engineINtB8_13ReducerEngineNtCsc9KcVnE63lh_24persistence_corrupt_data11ReducerImplE14new_persistent0s_0B1m_
FN:194,_RNCNCNvMs_NtNtCsdFPiKNhAdgX_10oxide_core6engine14reducer_engineINtB8_13ReducerEngineNtCsc9KcVnE63lh_24persistence_corrupt_data11ReducerImplE9new_inner00B1m_
FN:122,_RNCNvMs_NtNtCsdFPiKNhAdgX_10oxide_core6engine14reducer_engineINtB6_13ReducerEngineNtCsc9KcVnE63lh_24persistence_corrupt_data11ReducerImplE14new_persistent0B1k_
FN:297,_RNCNvMs_NtNtCsdFPiKNhAdgX_10oxide_core6engine14reducer_engineINtB6_13ReducerEngineNtCsc9KcVnE63lh_24persistence_corrupt_data11ReducerImplE7current0B1k_
FN:154,_RNCNvMs_NtNtCsdFPiKNhAdgX_10oxide_core6engine14reducer_engineINtB6_13ReducerEngineNtCsc9KcVnE63lh_24persistence_corrupt_data11ReducerImplE9new_inner0B1k_
FN:115,_RNvMs_NtNtCsdFPiKNhAdgX_10oxide_core6engine14reducer_engineINtB4_13ReducerEngineNtCsc9KcVnE63lh_24persistence_corrupt_data11ReducerImplE14new_persistentB1i_
FN:297,_RNvMs_NtNtCsdFPiKNhAdgX_10oxide_core6engine14reducer_engineINtB4_13ReducerEngineNtCsc9KcVnE63lh_24persistence_corrupt_data11ReducerImplE7currentB1i_
FN:149,_RNvMs_NtNtCsdFPiKNhAdgX_10oxide_core6engine14reducer_engineINtB4_13ReducerEngineNtCsc9KcVnE63lh_24persistence_corrupt_data11ReducerImplE9new_innerB1i_
FN:339,_RINvNtNtCsdFPiKNhAdgX_10oxide_core6engine14reducer_engine15sideeffect_loopNtCs4khPxNdSBdD_26persistence_engine_restore11ReducerImpluEB1c_
FN:345,_RNCINvNtNtCsdFPiKNhAdgX_10oxide_core6engine14reducer_engine15sideeffect_loopNtCs4khPxNdSBdD_26persistence_engine_restore11ReducerImpluE0B1e_
FN:128,_RNCNCNvMs_NtNtCsdFPiKNhAdgX_10oxide_core6engine14reducer_engineINtB8_13ReducerEngineNtCs4khPxNdSBdD_26persistence_engine_restore11ReducerImplE14new_persistent00B1m_
FN:144,_RNCNCNvMs_NtNtCsdFPiKNhAdgX_10oxide_core6engine14reducer_engineINtB8_13ReducerEngineNtCs4khPxNdSBdD_26persistence_engine_restore11ReducerImplE14new_persistent0s0_0B1m_
FN:139,_RNCNCNvMs_NtNtCsdFPiKNhAdgX_10oxide_core6engine14reducer_engineINtB8_13ReducerEngineNtCs4khPxNdSBdD_26persistence_engine_restore11ReducerImplE14new_persistent0s_0B1m_
FN:194,_RNCNCNvMs_NtNtCsdFPiKNhAdgX_10oxide_core6engine14reducer_engineINtB8_13ReducerEngineNtCs4khPxNdSBdD_26persistence_engine_restore11ReducerImplE9new_inner00B1m_
FN:122,_RNCNvMs_NtNtCsdFPiKNhAdgX_10oxide_core6engine14reducer_engineINtB6_13ReducerEngineNtCs4khPxNdSBdD_26persistence_engine_restore11ReducerImplE14new_persistent0B1k_
FN:297,_RNCNvMs_NtNtCsdFPiKNhAdgX_10oxide_core6engine14reducer_engineINtB6_13ReducerEngineNtCs4khPxNdSBdD_26persistence_engine_restore11ReducerImplE7current0B1k_
FN:216,_RNCNvMs_NtNtCsdFPiKNhAdgX_10oxide_core6engine14reducer_engineINtB6_13ReducerEngineNtCs4khPxNdSBdD_26persistence_engine_restore11ReducerImplE8dispatch0B1k_
FN:154,_RNCNvMs_NtNtCsdFPiKNhAdgX_10oxide_core6engine14reducer_engineINtB6_13ReducerEngineNtCs4khPxNdSBdD_26persistence_engine_restore11ReducerImplE9new_inner0B1k_
FN:115,_RNvMs_NtNtCsdFPiKNhAdgX_10oxide_core6engine14reducer_engineINtB4_13ReducerEngineNtCs4khPxNdSBdD_26persistence_engine_restore11ReducerImplE14new_persistentB1i_
FN:324,_RNvMs_NtNtCsdFPiKNhAdgX_10oxide_core6engine14reducer_engineINtB4_13ReducerEngineNtCs4khPxNdSBdD_26persistence_engine_restore11ReducerImplE18persist_if_enabledB1i_
FN:297,_RNvMs_NtNtCsdFPiKNhAdgX_10oxide_core6engine14reducer_engineINtB4_13ReducerEngineNtCs4khPxNdSBdD_26persistence_engine_restore11ReducerImplE7currentB1i_
FN:213,_RNvMs_NtNtCsdFPiKNhAdgX_10oxide_core6engine14reducer_engineINtB4_13ReducerEngineNtCs4khPxNdSBdD_26persistence_engine_restore11ReducerImplE8dispatchB1i_
FN:149,_RNvMs_NtNtCsdFPiKNhAdgX_10oxide_core6engine14reducer_engineINtB4_13ReducerEngineNtCs4khPxNdSBdD_26persistence_engine_restore11ReducerImplE9new_innerB1i_
FN:339,_RINvNtNtCsdFPiKNhAdgX_10oxide_core6engine14reducer_engine15sideeffect_loopNtCs2Rwdatn694v_10public_api11ReducerImpluEB1c_
FN:345,_RNCINvNtNtCsdFPiKNhAdgX_10oxide_core6engine14reducer_engine15sideeffect_loopNtCs2Rwdatn694v_10public_api11ReducerImpluE0B1e_
FN:194,_RNCNCNvMs_NtNtCsdFPiKNhAdgX_10oxide_core6engine14reducer_engineINtB8_13ReducerEngineNtCs2Rwdatn694v_10public_api11ReducerImplE9new_inner00B1m_
FN:106,_RNCNvMs_NtNtCsdFPiKNhAdgX_10oxide_core6engine14reducer_engineINtB6_13ReducerEngineNtCs2Rwdatn694v_10public_api11ReducerImplE3new0B1k_
FN:297,_RNCNvMs_NtNtCsdFPiKNhAdgX_10oxide_core6engine14reducer_engineINtB6_13ReducerEngineNtCs2Rwdatn694v_10public_api11ReducerImplE7current0B1k_
FN:216,_RNCNvMs_NtNtCsdFPiKNhAdgX_10oxide_core6engine14reducer_engineINtB6_13ReducerEngineNtCs2Rwdatn694v_10public_api11ReducerImplE8dispatch0B1k_
FN:154,_RNCNvMs_NtNtCsdFPiKNhAdgX_10oxide_core6engine14reducer_engineINtB6_13ReducerEngineNtCs2Rwdatn694v_10public_api11ReducerImplE9new_inner0B1k_
FN:324,_RNvMs_NtNtCsdFPiKNhAdgX_10oxide_core6engine14reducer_engineINtB4_13ReducerEngineNtCs2Rwdatn694v_10public_api11ReducerImplE18persist_if_enabledB1i_
FN:106,_RNvMs_NtNtCsdFPiKNhAdgX_10oxide_core6engine14reducer_engineINtB4_13ReducerEngineNtCs2Rwdatn694v_10public_api11ReducerImplE3newB1i_
FN:297,_RNvMs_NtNtCsdFPiKNhAdgX_10oxide_core6engine14reducer_engineINtB4_13ReducerEngineNtCs2Rwdatn694v_10public_api11ReducerImplE7currentB1i_
FN:213,_RNvMs_NtNtCsdFPiKNhAdgX_10oxide_core6engine14reducer_engineINtB4_13ReducerEngineNtCs2Rwdatn694v_10public_api11ReducerImplE8dispatchB1i_
FN:149,_RNvMs_NtNtCsdFPiKNhAdgX_10oxide_core6engine14reducer_engineINtB4_13ReducerEngineNtCs2Rwdatn694v_10public_api11ReducerImplE9new_innerB1i_
FN:339,_RINvNtNtCsdFPiKNhAdgX_10oxide_core6engine14reducer_engine15sideeffect_loopNtCseGGxWnqQPOv_22serialization_workflow11TestReduceruEB1c_
FN:345,_RNCINvNtNtCsdFPiKNhAdgX_10oxide_core6engine14reducer_engine15sideeffect_loopNtCseGGxWnqQPOv_22serialization_workflow11TestReduceruE0B1e_
FN:194,_RNCNCNvMs_NtNtCsdFPiKNhAdgX_10oxide_core6engine14reducer_engineINtB8_13ReducerEngineNtCseGGxWnqQPOv_22serialization_workflow11TestReducerE9new_inner00B1m_
FN:106,_RNCNvMs_NtNtCsdFPiKNhAdgX_10oxide_core6engine14reducer_engineINtB6_13ReducerEngineNtCseGGxWnqQPOv_22serialization_workflow11TestReducerE3new0B1k_
FN:216,_RNCNvMs_NtNtCsdFPiKNhAdgX_10oxide_core6engine14reducer_engineINtB6_13ReducerEngineNtCseGGxWnqQPOv_22serialization_workflow11TestReducerE8dispatch0B1k_
FN:154,_RNCNvMs_NtNtCsdFPiKNhAdgX_10oxide_core6engine14reducer_engineINtB6_13ReducerEngineNtCseGGxWnqQPOv_22serialization_workflow11TestReducerE9new_inner0B1k_
FN:324,_RNvMs_NtNtCsdFPiKNhAdgX_10oxide_core6engine14reducer_engineINtB4_13ReducerEngineNtCseGGxWnqQPOv_22serialization_workflow11TestReducerE18persist_if_enabledB1i_
FN:106,_RNvMs_NtNtCsdFPiKNhAdgX_10oxide_core6engine14reducer_engineINtB4_13ReducerEngineNtCseGGxWnqQPOv_22serialization_workflow11TestReducerE3newB1i_
FN:213,_RNvMs_NtNtCsdFPiKNhAdgX_10oxide_core6engine14reducer_engineINtB4_13ReducerEngineNtCseGGxWnqQPOv_22serialization_workflow11TestReducerE8dispatchB1i_
FN:149,_RNvMs_NtNtCsdFPiKNhAdgX_10oxide_core6engine14reducer_engineINtB4_13ReducerEngineNtCseGGxWnqQPOv_22serialization_workflow11TestReducerE9new_innerB1i_
FN:339,_RINvNtNtCsdFPiKNhAdgX_10oxide_core6engine14reducer_engine15sideeffect_loopNtCskZEqIexg63c_14sliced_updates13SlicedReducerNtB1c_16SlicedStateSliceEB1c_
FN:345,_RNCINvNtNtCsdFPiKNhAdgX_10oxide_core6engine14reducer_engine15sideeffect_loopNtCskZEqIexg63c_14sliced_updates13SlicedReducerNtB1e_16SlicedStateSliceE0B1e_
FN:194,_RNCNCNvMs_NtNtCsdFPiKNhAdgX_10oxide_core6engine14reducer_engineINtB8_13ReducerEngineNtCskZEqIexg63c_14sliced_updates13SlicedReducerNtB1m_16SlicedStateSliceE9new_inner00B1m_
FN:106,_RNCNvMs_NtNtCsdFPiKNhAdgX_10oxide_core6engine14reducer_engineINtB6_13ReducerEngineNtCskZEqIexg63c_14sliced_updates13SlicedReducerNtB1k_16SlicedStateSliceE3new0B1k_
FN:216,_RNCNvMs_NtNtCsdFPiKNhAdgX_10oxide_core6engine14reducer_engineINtB6_13ReducerEngineNtCskZEqIexg63c_14sliced_updates13SlicedReducerNtB1k_16SlicedStateSliceE8dispatch0B1k_
FN:154,_RNCNvMs_NtNtCsdFPiKNhAdgX_10oxide_core6engine14reducer_engineINtB6_13ReducerEngineNtCskZEqIexg63c_14sliced_updates13SlicedReducerNtB1k_16SlicedStateSliceE9new_inner0B1k_
FN:324,_RNvMs_NtNtCsdFPiKNhAdgX_10oxide_core6engine14reducer_engineINtB4_13ReducerEngineNtCskZEqIexg63c_14sliced_updates13SlicedReducerNtB1i_16SlicedStateSliceE18persist_if_enabledB1i_
FN:106,_RNvMs_NtNtCsdFPiKNhAdgX_10oxide_core6engine14reducer_engineINtB4_13ReducerEngineNtCskZEqIexg63c_14sliced_updates13SlicedReducerNtB1i_16SlicedStateSliceE3newB1i_
FN:213,_RNvMs_NtNtCsdFPiKNhAdgX_10oxide_core6engine14reducer_engineINtB4_13ReducerEngineNtCskZEqIexg63c_14sliced_updates13SlicedReducerNtB1i_16SlicedStateSliceE8dispatchB1i_
FN:149,_RNvMs_NtNtCsdFPiKNhAdgX_10oxide_core6engine14reducer_engineINtB4_13ReducerEngineNtCskZEqIexg63c_14sliced_updates13SlicedReducerNtB1i_16SlicedStateSliceE9new_innerB1i_
FNDA:0,_RINvNtNtCsdFPiKNhAdgX_10oxide_core6engine14reducer_engine15sideeffect_loopppEB6_
FNDA:0,_RNCINvNtNtCsdFPiKNhAdgX_10oxide_core6engine14reducer_engine15sideeffect_loopppE0B8_
FNDA:0,_RNCNCNvMs_NtNtCsdFPiKNhAdgX_10oxide_core6engine14reducer_engineINtB8_13ReducerEngineppE14new_persistent00Bc_
FNDA:0,_RNCNCNvMs_NtNtCsdFPiKNhAdgX_10oxide_core6engine14reducer_engineINtB8_13ReducerEngineppE14new_persistent0s0_0Bc_
FNDA:0,_RNCNCNvMs_NtNtCsdFPiKNhAdgX_10oxide_core6engine14reducer_engineINtB8_13ReducerEngineppE14new_persistent0s_0Bc_
FNDA:0,_RNCNCNvMs_NtNtCsdFPiKNhAdgX_10oxide_core6engine14reducer_engineINtB8_13ReducerEngineppE9new_inner00Bc_
FNDA:0,_RNCNvMs_NtNtCsdFPiKNhAdgX_10oxide_core6engine14reducer_engineINtB6_13ReducerEngineppE14new_persistent0Ba_
FNDA:0,_RNCNvMs_NtNtCsdFPiKNhAdgX_10oxide_core6engine14reducer_engineINtB6_13ReducerEngineppE3new0Ba_
FNDA:0,_RNCNvMs_NtNtCsdFPiKNhAdgX_10oxide_core6engine14reducer_engineINtB6_13ReducerEngineppE7current0Ba_
FNDA:0,_RNCNvMs_NtNtCsdFPiKNhAdgX_10oxide_core6engine14reducer_engineINtB6_13ReducerEngineppE8dispatch0Ba_
FNDA:0,_RNCNvMs_NtNtCsdFPiKNhAdgX_10oxide_core6engine14reducer_engineINtB6_13ReducerEngineppE9new_inner0Ba_
FNDA:0,_RNvMs_NtNtCsdFPiKNhAdgX_10oxide_core6engine14reducer_engineINtB4_13ReducerEngineppE14new_persistentB8_
FNDA:0,_RNvMs_NtNtCsdFPiKNhAdgX_10oxide_core6engine14reducer_engineINtB4_13ReducerEngineppE16subscribe_errorsB8_
FNDA:0,_RNvMs_NtNtCsdFPiKNhAdgX_10oxide_core6engine14reducer_engineINtB4_13ReducerEngineppE17sideeffect_senderB8_
FNDA:0,_RNvMs_NtNtCsdFPiKNhAdgX_10oxide_core6engine14reducer_engineINtB4_13ReducerEngineppE18persist_if_enabledB8_
FNDA:0,_RNvMs_NtNtCsdFPiKNhAdgX_10oxide_core6engine14reducer_engineINtB4_13ReducerEngineppE3newB8_
FNDA:0,_RNvMs_NtNtCsdFPiKNhAdgX_10oxide_core6engine14reducer_engineINtB4_13ReducerEngineppE7currentB8_
FNDA:0,_RNvMs_NtNtCsdFPiKNhAdgX_10oxide_core6engine14reducer_engineINtB4_13ReducerEngineppE8dispatchB8_
FNDA:0,_RNvMs_NtNtCsdFPiKNhAdgX_10oxide_core6engine14reducer_engineINtB4_13ReducerEngineppE9new_innerB8_
FNDA:0,_RNvMs_NtNtCsdFPiKNhAdgX_10oxide_core6engine14reducer_engineINtB4_13ReducerEngineppE9subscribeB8_
FNDA:0,_RNvXININtNtCsdFPiKNhAdgX_10oxide_core6engine14reducer_engine0ppEINtB5_13ReducerEngineppENtNtCs25LAAAjbyGa_4core5clone5Clone5cloneB9_
FNDA:1,_RINvNtNtCsdFPiKNhAdgX_10oxide_core6engine14reducer_engine15sideeffect_loopNtCs7Mb8zBnXpad_31navigation_uninitialized_errors11TestReduceruEB1c_
FNDA:1,_RNCINvNtNtCsdFPiKNhAdgX_10oxide_core6engine14reducer_engine15sideeffect_loopNtCs7Mb8zBnXpad_31navigation_uninitialized_errors11TestReduceruE0B1e_
FNDA:0,_RNCNCNvMs_NtNtCsdFPiKNhAdgX_10oxide_core6engine14reducer_engineINtB8_13ReducerEngineNtCs7Mb8zBnXpad_31navigation_uninitialized_errors11TestReducerE9new_inner00B1m_
FNDA:1,_RNCNvMs_NtNtCsdFPiKNhAdgX_10oxide_core6engine14reducer_engineINtB6_13ReducerEngineNtCs7Mb8zBnXpad_31navigation_uninitialized_errors11TestReducerE3new0B1k_
FNDA:1,_RNCNvMs_NtNtCsdFPiKNhAdgX_10oxide_core6engine14reducer_engineINtB6_13ReducerEngineNtCs7Mb8zBnXpad_31navigation_uninitialized_errors11TestReducerE9new_inner0B1k_
FNDA:1,_RNvMs_NtNtCsdFPiKNhAdgX_10oxide_core6engine14reducer_engineINtB4_13ReducerEngineNtCs7Mb8zBnXpad_31navigation_uninitialized_errors11TestReducerE16subscribe_errorsB1i_
FNDA:1,_RNvMs_NtNtCsdFPiKNhAdgX_10oxide_core6engine14reducer_engineINtB4_13ReducerEngineNtCs7Mb8zBnXpad_31navigation_uninitialized_errors11TestReducerE17sideeffect_senderB1i_
FNDA:1,_RNvMs_NtNtCsdFPiKNhAdgX_10oxide_core6engine14reducer_engineINtB4_13ReducerEngineNtCs7Mb8zBnXpad_31navigation_uninitialized_errors11TestReducerE3newB1i_
FNDA:1,_RNvMs_NtNtCsdFPiKNhAdgX_10oxide_core6engine14reducer_engineINtB4_13ReducerEngineNtCs7Mb8zBnXpad_31navigation_uninitialized_errors11TestReducerE9new_innerB1i_
FNDA:1,_RINvNtNtCsf7sMATW6VUN_10oxide_core6engine14reducer_engine15sideeffect_loopNtNCNvNtB6_5testss_42engine_reports_persistence_encode_failures010BadReduceruEB6_
FNDA:1,_RINvNtNtCsf7sMATW6VUN_10oxide_core6engine14reducer_engine15sideeffect_loopNtNCNvNtB6_5testss_51sideeffect_loop_reports_persistence_encode_failures010BadReduceruEB6_
FNDA:1,_RINvNtNtCsf7sMATW6VUN_10oxide_core6engine14reducer_engine15sideeffect_loopNtNCNvNtB6_5testss_55sideeffect_loop_persistence_success_writes_latest_state014PersistReduceruEB6_
FNDA:9,_RINvNtNtCsf7sMATW6VUN_10oxide_core6engine14reducer_engine15sideeffect_loopNtNtB6_5tests11TestReduceruEB6_
FNDA:0,_RNCINvNtNtCsf7sMATW6VUN_10oxide_core6engine14reducer_engine15sideeffect_loopNtNCNvNtB8_5testss_42engine_reports_persistence_encode_failures010BadReduceruE0B8_
FNDA:1,_RNCINvNtNtCsf7sMATW6VUN_10oxide_core6engine14reducer_engine15sideeffect_loopNtNCNvNtB8_5testss_51sideeffect_loop_reports_persistence_encode_failures010BadReduceruE0B8_
FNDA:1,_RNCINvNtNtCsf7sMATW6VUN_10oxide_core6engine14reducer_engine15sideeffect_loopNtNCNvNtB8_5testss_55sideeffect_loop_persistence_success_writes_latest_state014PersistReduceruE0B8_
FNDA:5,_RNCINvNtNtCsf7sMATW6VUN_10oxide_core6engine14reducer_engine15sideeffect_loopNtNtB8_5tests11TestReduceruE0B8_
FNDA:1,_RNCNCNvMs_NtNtCsf7sMATW6VUN_10oxide_core6engine14reducer_engineINtB8_13ReducerEngineNtNCNvNtBc_5testss_42engine_reports_persistence_encode_failures010BadReducerE14new_persistent00Bc_
FNDA:1,_RNCNCNvMs_NtNtCsf7sMATW6VUN_10oxide_core6engine14reducer_engineINtB8_13ReducerEngineNtNCNvNtBc_5testss_42engine_reports_persistence_encode_failures010BadReducerE14new_persistent0s0_0Bc_
FNDA:0,_RNCNCNvMs_NtNtCsf7sMATW6VUN_10oxide_core6engine14reducer_engineINtB8_13ReducerEngineNtNCNvNtBc_5testss_42engine_reports_persistence_encode_failures010BadReducerE14new_persistent0s_0Bc_
FNDA:0,_RNCNCNvMs_NtNtCsf7sMATW6VUN_10oxide_core6engine14reducer_engineINtB8_13ReducerEngineNtNCNvNtBc_5testss_42engine_reports_persistence_encode_failures010BadReducerE9new_inner00Bc_
FNDA:1,_RNCNCNvMs_NtNtCsf7sMATW6VUN_10oxide_core6engine14reducer_engineINtB8_13ReducerEngineNtNCNvNtBc_5testss_51sideeffect_loop_reports_persistence_encode_failures010BadReducerE14new_persistent00Bc_
FNDA:1,_RNCNCNvMs_NtNtCsf7sMATW6VUN_10oxide_core6engine14reducer_engineINtB8_13ReducerEngineNtNCNvNtBc_5testss_51sideeffect_loop_reports_persistence_encode_failures010BadReducerE14new_persistent0s0_0Bc_
FNDA:0,_RNCNCNvMs_NtNtCsf7sMATW6VUN_10oxide_core6engine14reducer_engineINtB8_13ReducerEngineNtNCNvNtBc_5testss_51sideeffect_loop_reports_persistence_encode_failures010BadReducerE14new_persistent0s_0Bc_
FNDA:0,_RNCNCNvMs_NtNtCsf7sMATW6VUN_10oxide_core6engine14reducer_engineINtB8_13ReducerEngineNtNCNvNtBc_5testss_51sideeffect_loop_reports_persistence_encode_failures010BadReducerE9new_inner00Bc_
FNDA:1,_RNCNCNvMs_NtNtCsf7sMATW6VUN_10oxide_core6engine14reducer_engineINtB8_13ReducerEngineNtNCNvNtBc_5testss_55sideeffect_loop_persistence_success_writes_latest_state014PersistReducerE14new_persistent00Bc_
FNDA:1,_RNCNCNvMs_NtNtCsf7sMATW6VUN_10oxide_core6engine14reducer_engineINtB8_13ReducerEngineNtNCNvNtBc_5testss_55sideeffect_loop_persistence_success_writes_latest_state014PersistReducerE14new_persistent0s0_0Bc_
FNDA:0,_RNCNCNvMs_NtNtCsf7sMATW6VUN_10oxide_core6engine14reducer_engineINtB8_13ReducerEngineNtNCNvNtBc_5testss_55sideeffect_loop_persistence_success_writes_latest_state014PersistReducerE14new_persistent0s_0Bc_
FNDA:0,_RNCNCNvMs_NtNtCsf7sMATW6VUN_10oxide_core6engine14reducer_engineINtB8_13ReducerEngineNtNCNvNtBc_5testss_55sideeffect_loop_persistence_success_writes_latest_state014PersistReducerE9new_inner00Bc_
FNDA:0,_RNCNCNvMs_NtNtCsf7sMATW6VUN_10oxide_core6engine14reducer_engineINtB8_13ReducerEngineNtNtBc_5tests11TestReducerE9new_inner00Bc_
FNDA:1,_RNCNvMs_NtNtCsf7sMATW6VUN_10oxide_core6engine14reducer_engineINtB6_13ReducerEngineNtNCNvNtBa_5testss_42engine_reports_persistence_encode_failures010BadReducerE14new_persistent0Ba_
FNDA:1,_RNCNvMs_NtNtCsf7sMATW6VUN_10oxide_core6engine14reducer_engineINtB6_13ReducerEngineNtNCNvNtBa_5testss_42engine_reports_persistence_encode_failures010BadReducerE8dispatch0Ba_
FNDA:1,_RNCNvMs_NtNtCsf7sMATW6VUN_10oxide_core6engine14reducer_engineINtB6_13ReducerEngineNtNCNvNtBa_5testss_42engine_reports_persistence_encode_failures010BadReducerE9new_inner0Ba_
FNDA:1,_RNCNvMs_NtNtCsf7sMATW6VUN_10oxide_core6engine14reducer_engineINtB6_13ReducerEngineNtNCNvNtBa_5testss_51sideeffect_loop_reports_persistence_encode_failures010BadReducerE14new_persistent0Ba_
FNDA:1,_RNCNvMs_NtNtCsf7sMATW6VUN_10oxide_core6engine14reducer_engineINtB6_13ReducerEngineNtNCNvNtBa_5testss_51sideeffect_loop_reports_persistence_encode_failures010BadReducerE9new_inner0Ba_
FNDA:1,_RNCNvMs_NtNtCsf7sMATW6VUN_10oxide_core6engine14reducer_engineINtB6_13ReducerEngineNtNCNvNtBa_5testss_55sideeffect_loop_persistence_success_writes_latest_state014PersistReducerE14new_persistent0Ba_
FNDA:1,_RNCNvMs_NtNtCsf7sMATW6VUN_10oxide_core6engine14reducer_engineINtB6_13ReducerEngineNtNCNvNtBa_5testss_55sideeffect_loop_persistence_success_writes_latest_state014PersistReducerE9new_inner0Ba_
FNDA:9,_RNCNvMs_NtNtCsf7sMATW6VUN_10oxide_core6engine14reducer_engineINtB6_13ReducerEngineNtNtBa_5tests11TestReducerE3new0Ba_
FNDA:4,_RNCNvMs_NtNtCsf7sMATW6VUN_10oxide_core6engine14reducer_engineINtB6_13ReducerEngineNtNtBa_5tests11TestReducerE7current0Ba_
FNDA:6,_RNCNvMs_NtNtCsf7sMATW6VUN_10oxide_core6engine14reducer_engineINtB6_13ReducerEngineNtNtBa_5tests11TestReducerE8dispatch0Ba_
FNDA:9,_RNCNvMs_NtNtCsf7sMATW6VUN_10oxide_core6engine14reducer_engineINtB6_13ReducerEngineNtNtBa_5tests11TestReducerE9new_inner0Ba_
FNDA:1,_RNvMs_NtNtCsf7sMATW6VUN_10oxide_core6engine14reducer_engineINtB4_13ReducerEngineNtNCNvNtB8_5testss_42engine_reports_persistence_encode_failures010BadReducerE14new_persistentB8_
FNDA:1,_RNvMs_NtNtCsf7sMATW6VUN_10oxide_core6engine14reducer_engineINtB4_13ReducerEngineNtNCNvNtB8_5testss_42engine_reports_persistence_encode_failures010BadReducerE16subscribe_errorsB8_
FNDA:1,_RNvMs_NtNtCsf7sMATW6VUN_10oxide_core6engine14reducer_engineINtB4_13ReducerEngineNtNCNvNtB8_5testss_42engine_reports_persistence_encode_failures010BadReducerE18persist_if_enabledB8_
FNDA:1,_RNvMs_NtNtCsf7sMATW6VUN_10oxide_core6engine14reducer_engineINtB4_13ReducerEngineNtNCNvNtB8_5testss_42engine_reports_persistence_encode_failures010BadReducerE8dispatchB8_
FNDA:1,_RNvMs_NtNtCsf7sMATW6VUN_10oxide_core6engine14reducer_engineINtB4_13ReducerEngineNtNCNvNtB8_5testss_42engine_reports_persistence_encode_failures010BadReducerE9new_innerB8_
FNDA:1,_RNvMs_NtNtCsf7sMATW6VUN_10oxide_core6engine14reducer_engineINtB4_13ReducerEngineNtNCNvNtB8_5testss_51sideeffect_loop_reports_persistence_encode_failures010BadReducerE14new_persistentB8_
FNDA:1,_RNvMs_NtNtCsf7sMATW6VUN_10oxide_core6engine14reducer_engineINtB4_13ReducerEngineNtNCNvNtB8_5testss_51sideeffect_loop_reports_persistence_encode_failures010BadReducerE16subscribe_errorsB8_
FNDA:1,_RNvMs_NtNtCsf7sMATW6VUN_10oxide_core6engine14reducer_engineINtB4_13ReducerEngineNtNCNvNtB8_5testss_51sideeffect_loop_reports_persistence_encode_failures010BadReducerE17sideeffect_senderB8_
FNDA:1,_RNvMs_NtNtCsf7sMATW6VUN_10oxide_core6engine14reducer_engineINtB4_13ReducerEngineNtNCNvNtB8_5testss_51sideeffect_loop_reports_persistence_encode_failures010BadReducerE9new_innerB8_
FNDA:1,_RNvMs_NtNtCsf7sMATW6VUN_10oxide_core6engine14reducer_engineINtB4_13ReducerEngineNtNCNvNtB8_5testss_55sideeffect_loop_persistence_success_writes_latest_state014PersistReducerE14new_persistentB8_
FNDA:1,_RNvMs_NtNtCsf7sMATW6VUN_10oxide_core6engine14reducer_engineINtB4_13ReducerEngineNtNCNvNtB8_5testss_55sideeffect_loop_persistence_success_writes_latest_state014PersistReducerE17sideeffect_senderB8_
FNDA:1,_RNvMs_NtNtCsf7sMATW6VUN_10oxide_core6engine14reducer_engineINtB4_13ReducerEngineNtNCNvNtB8_5testss_55sideeffect_loop_persistence_success_writes_latest_state014PersistReducerE9new_innerB8_
FNDA:1,_RNvMs_NtNtCsf7sMATW6VUN_10oxide_core6engine14reducer_engineINtB4_13ReducerEngineNtNCNvNtB8_5testss_55sideeffect_loop_persistence_success_writes_latest_state014PersistReducerE9subscribeB8_
FNDA:1,_RNvMs_NtNtCsf7sMATW6VUN_10oxide_core6engine14reducer_engineINtB4_13ReducerEngineNtNtB8_5tests11TestReducerE16subscribe_errorsB8_
FNDA:4,_RNvMs_NtNtCsf7sMATW6VUN_10oxide_core6engine14reducer_engineINtB4_13ReducerEngineNtNtB8_5tests11TestReducerE17sideeffect_senderB8_
FNDA:4,_RNvMs_NtNtCsf7sMATW6VUN_10oxide_core6engine14reducer_engineINtB4_13ReducerEngineNtNtB8_5tests11TestReducerE18persist_if_enabledB8_
FNDA:9,_RNvMs_NtNtCsf7sMATW6VUN_10oxide_core6engine14reducer_engineINtB4_13ReducerEngineNtNtB8_5tests11TestReducerE3newB8_
FNDA:4,_RNvMs_NtNtCsf7sMATW6VUN_10oxide_core6engine14reducer_engineINtB4_13ReducerEngineNtNtB8_5tests11TestReducerE7currentB8_
FNDA:6,_RNvMs_NtNtCsf7sMATW6VUN_10oxide_core6engine14reducer_engineINtB4_13ReducerEngineNtNtB8_5tests11TestReducerE8dispatchB8_
FNDA:9,_RNvMs_NtNtCsf7sMATW6VUN_10oxide_core6engine14reducer_engineINtB4_13ReducerEngineNtNtB8_5tests11TestReducerE9new_innerB8_
FNDA:5,_RNvMs_NtNtCsf7sMATW6VUN_10oxide_core6engine14reducer_engineINtB4_13ReducerEngineNtNtB8_5tests11TestReducerE9subscribeB8_
FNDA:1,_RNvXNtNtCsf7sMATW6VUN_10oxide_core6engine14reducer_engineINtB2_13ReducerEngineNtNtB6_5tests11TestReducerENtNtCs25LAAAjbyGa_4core5clone5Clone5cloneB6_
FNDA:1,_RINvNtNtCsdFPiKNhAdgX_10oxide_core6engine14reducer_engine15sideeffect_loopNtCsc9KcVnE63lh_24persistence_corrupt_data11ReducerImpluEB1c_
FNDA:0,_RNCINvNtNtCsdFPiKNhAdgX_10oxide_core6engine14reducer_engine15sideeffect_loopNtCsc9KcVnE63lh_24persistence_corrupt_data11ReducerImpluE0B1e_
FNDA:1,_RNCNCNvMs_NtNtCsdFPiKNhAdgX_10oxide_core6engine14reducer_engineINtB8_13ReducerEngineNtCsc9KcVnE63lh_24persistence_corrupt_data11ReducerImplE14new_persistent00B1m_
FNDA:0,_RNCNCNvMs_NtNtCsdFPiKNhAdgX_10oxide_core6engine14reducer_engineINtB8_13ReducerEngineNtCsc9KcVnE63lh_24persistence_corrupt_data11ReducerImplE14new_persistent0s0_0B1m_
FNDA:1,_RNCNCNvMs_NtNtCsdFPiKNhAdgX_10oxide_core6engine14reducer_engineINtB8_13ReducerEngineNtCsc9KcVnE63lh_24persistence_corrupt_data11ReducerImplE14new_persistent0s_0B1m_
FNDA:0,_RNCNCNvMs_NtNtCsdFPiKNhAdgX_10oxide_core6engine14reducer_engineINtB8_13ReducerEngineNtCsc9KcVnE63lh_24persistence_corrupt_data11ReducerImplE9new_inner00B1m_
FNDA:1,_RNCNvMs_NtNtCsdFPiKNhAdgX_10oxide_core6engine14reducer_engineINtB6_13ReducerEngineNtCsc9KcVnE63lh_24persistence_corrupt_data11ReducerImplE14new_persistent0B1k_
FNDA:1,_RNCNvMs_NtNtCsdFPiKNhAdgX_10oxide_core6engine14reducer_engineINtB6_13ReducerEngineNtCsc9KcVnE63lh_24persistence_corrupt_data11ReducerImplE7current0B1k_
FNDA:1,_RNCNvMs_NtNtCsdFPiKNhAdgX_10oxide_core6engine14reducer_engineINtB6_13ReducerEngineNtCsc9KcVnE63lh_24persistence_corrupt_data11ReducerImplE9new_inner0B1k_
FNDA:1,_RNvMs_NtNtCsdFPiKNhAdgX_10oxide_core6engine14reducer_engineINtB4_13ReducerEngineNtCsc9KcVnE63lh_24persistence_corrupt_data11ReducerImplE14new_persistentB1i_
FNDA:1,_RNvMs_NtNtCsdFPiKNhAdgX_10oxide_core6engine14reducer_engineINtB4_13ReducerEngineNtCsc9KcVnE63lh_24persistence_corrupt_data11ReducerImplE7currentB1i_
FNDA:1,_RNvMs_NtNtCsdFPiKNhAdgX_10oxide_core6engine14reducer_engineINtB4_13ReducerEngineNtCsc9KcVnE63lh_24persistence_corrupt_data11ReducerImplE9new_innerB1i_
FNDA:2,_RINvNtNtCsdFPiKNhAdgX_10oxide_core6engine14reducer_engine15sideeffect_loopNtCs4khPxNdSBdD_26persistence_engine_restore11ReducerImpluEB1c_
FNDA:1,_RNCINvNtNtCsdFPiKNhAdgX_10oxide_core6engine14reducer_engine15sideeffect_loopNtCs4khPxNdSBdD_26persistence_engine_restore11ReducerImpluE0B1e_
FNDA:2,_RNCNCNvMs_NtNtCsdFPiKNhAdgX_10oxide_core6engine14reducer_engineINtB8_13ReducerEngineNtCs4khPxNdSBdD_26persistence_engine_restore11ReducerImplE14new_persistent00B1m_
FNDA:1,_RNCNCNvMs_NtNtCsdFPiKNhAdgX_10oxide_core6engine14reducer_engineINtB8_13ReducerEngineNtCs4khPxNdSBdD_26persistence_engine_restore11ReducerImplE14new_persistent0s0_0B1m_
FNDA:1,_RNCNCNvMs_NtNtCsdFPiKNhAdgX_10oxide_core6engine14reducer_engineINtB8_13ReducerEngineNtCs4khPxNdSBdD_26persistence_engine_restore11ReducerImplE14new_persistent0s_0B1m_
FNDA:0,_RNCNCNvMs_NtNtCsdFPiKNhAdgX_10oxide_core6engine14reducer_engineINtB8_13ReducerEngineNtCs4khPxNdSBdD_26persistence_engine_restore11ReducerImplE9new_inner00B1m_
FNDA:2,_RNCNvMs_NtNtCsdFPiKNhAdgX_10oxide_core6engine14reducer_engineINtB6_13ReducerEngineNtCs4khPxNdSBdD_26persistence_engine_restore11ReducerImplE14new_persistent0B1k_
FNDA:1,_RNCNvMs_NtNtCsdFPiKNhAdgX_10oxide_core6engine14reducer_engineINtB6_13ReducerEngineNtCs4khPxNdSBdD_26persistence_engine_restore11ReducerImplE7current0B1k_
FNDA:2,_RNCNvMs_NtNtCsdFPiKNhAdgX_10oxide_core6engine14reducer_engineINtB6_13ReducerEngineNtCs4khPxNdSBdD_26persistence_engine_restore11ReducerImplE8dispatch0B1k_
FNDA:2,_RNCNvMs_NtNtCsdFPiKNhAdgX_10oxide_core6engine14reducer_engineINtB6_13ReducerEngineNtCs4khPxNdSBdD_26persistence_engine_restore11ReducerImplE9new_inner0B1k_
FNDA:2,_RNvMs_NtNtCsdFPiKNhAdgX_10oxide_core6engine14reducer_engineINtB4_13ReducerEngineNtCs4khPxNdSBdD_26persistence_engine_restore11ReducerImplE14new_persistentB1i_
FNDA:1,_RNvMs_NtNtCsdFPiKNhAdgX_10oxide_core6engine14reducer_engineINtB4_13ReducerEngineNtCs4khPxNdSBdD_26persistence_engine_restore11ReducerImplE18persist_if_enabledB1i_
FNDA:1,_RNvMs_NtNtCsdFPiKNhAdgX_10oxide_core6engine14reducer_engineINtB4_13ReducerEngineNtCs4khPxNdSBdD_26persistence_engine_restore11ReducerImplE7currentB1i_
FNDA:2,_RNvMs_NtNtCsdFPiKNhAdgX_10oxide_core6engine14reducer_engineINtB4_13ReducerEngineNtCs4khPxNdSBdD_26persistence_engine_restore11ReducerImplE8dispatchB1i_
FNDA:2,_RNvMs_NtNtCsdFPiKNhAdgX_10oxide_core6engine14reducer_engineINtB4_13ReducerEngineNtCs4khPxNdSBdD_26persistence_engine_restore11ReducerImplE9new_innerB1i_
FNDA:2,_RINvNtNtCsdFPiKNhAdgX_10oxide_core6engine14reducer_engine15sideeffect_loopNtCs2Rwdatn694v_10public_api11ReducerImpluEB1c_
FNDA:0,_RNCINvNtNtCsdFPiKNhAdgX_10oxide_core6engine14reducer_engine15sideeffect_loopNtCs2Rwdatn694v_10public_api11ReducerImpluE0B1e_
FNDA:0,_RNCNCNvMs_NtNtCsdFPiKNhAdgX_10oxide_core6engine14reducer_engineINtB8_13ReducerEngineNtCs2Rwdatn694v_10public_api11ReducerImplE9new_inner00B1m_
FNDA:2,_RNCNvMs_NtNtCsdFPiKNhAdgX_10oxide_core6engine14reducer_engineINtB6_13ReducerEngineNtCs2Rwdatn694v_10public_api11ReducerImplE3new0B1k_
FNDA:1,_RNCNvMs_NtNtCsdFPiKNhAdgX_10oxide_core6engine14reducer_engineINtB6_13ReducerEngineNtCs2Rwdatn694v_10public_api11ReducerImplE7current0B1k_
FNDA:2,_RNCNvMs_NtNtCsdFPiKNhAdgX_10oxide_core6engine14reducer_engineINtB6_13ReducerEngineNtCs2Rwdatn694v_10public_api11ReducerImplE8dispatch0B1k_
FNDA:2,_RNCNvMs_NtNtCsdFPiKNhAdgX_10oxide_core6engine14reducer_engineINtB6_13ReducerEngineNtCs2Rwdatn694v_10public_api11ReducerImplE9new_inner0B1k_
FNDA:1,_RNvMs_NtNtCsdFPiKNhAdgX_10oxide_core6engine14reducer_engineINtB4_13ReducerEngineNtCs2Rwdatn694v_10public_api11ReducerImplE18persist_if_enabledB1i_
FNDA:2,_RNvMs_NtNtCsdFPiKNhAdgX_10oxide_core6engine14reducer_engineINtB4_13ReducerEngineNtCs2Rwdatn694v_10public_api11ReducerImplE3newB1i_
FNDA:1,_RNvMs_NtNtCsdFPiKNhAdgX_10oxide_core6engine14reducer_engineINtB4_13ReducerEngineNtCs2Rwdatn694v_10public_api11ReducerImplE7currentB1i_
FNDA:2,_RNvMs_NtNtCsdFPiKNhAdgX_10oxide_core6engine14reducer_engineINtB4_13ReducerEngineNtCs2Rwdatn694v_10public_api11ReducerImplE8dispatchB1i_
FNDA:2,_RNvMs_NtNtCsdFPiKNhAdgX_10oxide_core6engine14reducer_engineINtB4_13ReducerEngineNtCs2Rwdatn694v_10public_api11ReducerImplE9new_innerB1i_
FNDA:1,_RINvNtNtCsdFPiKNhAdgX_10oxide_core6engine14reducer_engine15sideeffect_loopNtCseGGxWnqQPOv_22serialization_workflow11TestReduceruEB1c_
FNDA:0,_RNCINvNtNtCsdFPiKNhAdgX_10oxide_core6engine14reducer_engine15sideeffect_loopNtCseGGxWnqQPOv_22serialization_workflow11TestReduceruE0B1e_
FNDA:0,_RNCNCNvMs_NtNtCsdFPiKNhAdgX_10oxide_core6engine14reducer_engineINtB8_13ReducerEngineNtCseGGxWnqQPOv_22serialization_workflow11TestReducerE9new_inner00B1m_
FNDA:1,_RNCNvMs_NtNtCsdFPiKNhAdgX_10oxide_core6engine14reducer_engineINtB6_13ReducerEngineNtCseGGxWnqQPOv_22serialization_workflow11TestReducerE3new0B1k_
FNDA:1,_RNCNvMs_NtNtCsdFPiKNhAdgX_10oxide_core6engine14reducer_engineINtB6_13ReducerEngineNtCseGGxWnqQPOv_22serialization_workflow11TestReducerE8dispatch0B1k_
FNDA:1,_RNCNvMs_NtNtCsdFPiKNhAdgX_10oxide_core6engine14reducer_engineINtB6_13ReducerEngineNtCseGGxWnqQPOv_22serialization_workflow11TestReducerE9new_inner0B1k_
FNDA:1,_RNvMs_NtNtCsdFPiKNhAdgX_10oxide_core6engine14reducer_engineINtB4_13ReducerEngineNtCseGGxWnqQPOv_22serialization_workflow11TestReducerE18persist_if_enabledB1i_
FNDA:1,_RNvMs_NtNtCsdFPiKNhAdgX_10oxide_core6engine14reducer_engineINtB4_13ReducerEngineNtCseGGxWnqQPOv_22serialization_workflow11TestReducerE3newB1i_
FNDA:1,_RNvMs_NtNtCsdFPiKNhAdgX_10oxide_core6engine14reducer_engineINtB4_13ReducerEngineNtCseGGxWnqQPOv_22serialization_workflow11TestReducerE8dispatchB1i_
FNDA:1,_RNvMs_NtNtCsdFPiKNhAdgX_10oxide_core6engine14reducer_engineINtB4_13ReducerEngineNtCseGGxWnqQPOv_22serialization_workflow11TestReducerE9new_innerB1i_
FNDA:3,_RINvNtNtCsdFPiKNhAdgX_10oxide_core6engine14reducer_engine15sideeffect_loopNtCskZEqIexg63c_14sliced_updates13SlicedReducerNtB1c_16SlicedStateSliceEB1c_
FNDA:0,_RNCINvNtNtCsdFPiKNhAdgX_10oxide_core6engine14reducer_engine15sideeffect_loopNtCskZEqIexg63c_14sliced_updates13SlicedReducerNtB1e_16SlicedStateSliceE0B1e_
FNDA:0,_RNCNCNvMs_NtNtCsdFPiKNhAdgX_10oxide_core6engine14reducer_engineINtB8_13ReducerEngineNtCskZEqIexg63c_14sliced_updates13SlicedReducerNtB1m_16SlicedStateSliceE9new_inner00B1m_
FNDA:3,_RNCNvMs_NtNtCsdFPiKNhAdgX_10oxide_core6engine14reducer_engineINtB6_13ReducerEngineNtCskZEqIexg63c_14sliced_updates13SlicedReducerNtB1k_16SlicedStateSliceE3new0B1k_
FNDA:4,_RNCNvMs_NtNtCsdFPiKNhAdgX_10oxide_core6engine14reducer_engineINtB6_13ReducerEngineNtCskZEqIexg63c_14sliced_updates13SlicedReducerNtB1k_16SlicedStateSliceE8dispatch0B1k_
FNDA:3,_RNCNvMs_NtNtCsdFPiKNhAdgX_10oxide_core6engine14reducer_engineINtB6_13ReducerEngineNtCskZEqIexg63c_14sliced_updates13SlicedReducerNtB1k_16SlicedStateSliceE9new_inner0B1k_
FNDA:4,_RNvMs_NtNtCsdFPiKNhAdgX_10oxide_core6engine14reducer_engineINtB4_13ReducerEngineNtCskZEqIexg63c_14sliced_updates13SlicedReducerNtB1i_16SlicedStateSliceE18persist_if_enabledB1i_
FNDA:3,_RNvMs_NtNtCsdFPiKNhAdgX_10oxide_core6engine14reducer_engineINtB4_13ReducerEngineNtCskZEqIexg63c_14sliced_updates13SlicedReducerNtB1i_16SlicedStateSliceE3newB1i_
FNDA:4,_RNvMs_NtNtCsdFPiKNhAdgX_10oxide_core6engine14reducer_engineINtB4_13ReducerEngineNtCskZEqIexg63c_14sliced_updates13SlicedReducerNtB1i_16SlicedStateSliceE8dispatchB1i_
FNDA:3,_RNvMs_NtNtCsdFPiKNhAdgX_10oxide_core6engine14reducer_engineINtB4_13ReducerEngineNtCskZEqIexg63c_14sliced_updates13SlicedReducerNtB1i_16SlicedStateSliceE9new_innerB1i_
FNF:21
FNH:20
DA:93,1
DA:94,1
DA:95,1
DA:96,1
DA:97,1
DA:106,16
DA:107,16
DA:108,16
DA:115,6
DA:116,6
DA:117,6
DA:118,6
DA:119,6
DA:120,6
DA:121,6
DA:122,6
DA:123,6
DA:124,6
DA:127,6
DA:128,6
DA:129,6
DA:130,6
DA:131,6
DA:139,6
DA:140,6
DA:141,6
DA:142,6
DA:143,6
DA:144,6
DA:146,6
DA:147,6
DA:149,22
DA:150,22
DA:151,22
DA:152,22
DA:153,22
DA:154,22
DA:155,22
DA:157,22
DA:158,22
DA:159,22
DA:160,22
DA:161,22
DA:162,22
DA:163,22
DA:165,22
DA:166,22
DA:167,22
DA:169,22
DA:171,22
DA:173,22
DA:174,22
DA:175,22
DA:176,22
DA:177,22
DA:178,22
DA:179,22
DA:180,22
DA:181,22
DA:182,22
DA:183,22
DA:184,22
DA:185,22
DA:186,22
DA:190,22
DA:191,22
DA:192,22
DA:193,22
DA:194,22
DA:195,22
DA:198,22
DA:199,22
DA:202,7
DA:203,7
DA:204,7
DA:213,16
DA:214,16
DA:215,16
DA:216,16
DA:217,16
DA:218,16
DA:219,16
DA:220,16
DA:221,16
DA:222,16
DA:223,16
DA:226,16
DA:227,16
DA:228,16
DA:229,16
DA:234,16
DA:235,16
DA:236,16
DA:237,16
DA:238,16
DA:239,16
DA:240,16
DA:241,16
DA:243,13
DA:246,1
DA:247,1
DA:250,7
DA:251,7
DA:252,7
DA:254,7
DA:255,7
DA:256,7
DA:257,7
DA:258,7
DA:259,7
DA:260,7
DA:261,7
DA:264,3
DA:265,3
DA:267,3
DA:268,3
DA:270,3
DA:271,3
DA:272,3
DA:273,3
DA:274,3
DA:275,3
DA:276,3
DA:277,3
DA:279,2
DA:280,2
DA:281,2
DA:282,2
DA:284,2
DA:285,2
DA:286,2
DA:287,2
DA:288,2
DA:289,2
DA:290,2
DA:291,2
DA:294,16
DA:297,7
DA:298,7
DA:299,7
DA:300,7
DA:301,7
DA:302,7
DA:303,7
DA:304,7
DA:310,6
DA:311,6
DA:312,6
DA:320,4
DA:321,4
DA:322,4
DA:324,12
DA:327,12
DA:328,2
DA:329,1
DA:330,1
DA:331,1
DA:332,1
DA:334,10
DA:336,12
DA:339,22
DA:340,22
DA:341,22
DA:342,22
DA:343,22
DA:344,22
DA:345,9
DA:346,17
DA:347,8
DA:348,8
DA:349,8
DA:350,8
DA:351,8
[...]
FNDA:0,_RNCINvNtNtCsdFPiKNhAdgX_10oxide_core11persistence5codec6decodeNtCs4khPxNdSBdD_26persistence_engine_restore5StateE0B10_
FNDA:0,_RNCINvNtNtCsdFPiKNhAdgX_10oxide_core11persistence5codec6encodeNtCs4khPxNdSBdD_26persistence_engine_restore5StateE0B10_
FNDA:1,_RINvNtNtCsdFPiKNhAdgX_10oxide_core11persistence5codec6decodeINtNtNtB6_6engine8snapshot13StateSnapshotNtCseGGxWnqQPOv_22serialization_workflow11StructStateEEB1D_
FNDA:1,_RINvNtNtCsdFPiKNhAdgX_10oxide_core11persistence5codec6decodeNtCseGGxWnqQPOv_22serialization_workflow11StructStateEBY_
FNDA:1,_RINvNtNtCsdFPiKNhAdgX_10oxide_core11persistence5codec6decodeNtCseGGxWnqQPOv_22serialization_workflow9EnumStateEBY_
FNDA:1,_RINvNtNtCsdFPiKNhAdgX_10oxide_core11persistence5codec6encodeINtNtNtB6_6engine8snapshot13StateSnapshotNtCseGGxWnqQPOv_22serialization_workflow11StructStateEEB1D_
FNDA:1,_RINvNtNtCsdFPiKNhAdgX_10oxide_core11persistence5codec6encodeNtCseGGxWnqQPOv_22serialization_workflow11StructStateEBY_
FNDA:1,_RINvNtNtCsdFPiKNhAdgX_10oxide_core11persistence5codec6encodeNtCseGGxWnqQPOv_22serialization_workflow9EnumStateEBY_
FNDA:0,_RNCINvNtNtCsdFPiKNhAdgX_10oxide_core11persistence5codec6decodeINtNtNtB8_6engine8snapshot13StateSnapshotNtCseGGxWnqQPOv_22serialization_workflow11StructStateEE0B1F_
FNDA:0,_RNCINvNtNtCsdFPiKNhAdgX_10oxide_core11persistence5codec6decodeNtCseGGxWnqQPOv_22serialization_workflow11StructStateE0B10_
FNDA:0,_RNCINvNtNtCsdFPiKNhAdgX_10oxide_core11persistence5codec6decodeNtCseGGxWnqQPOv_22serialization_workflow9EnumStateE0B10_
FNDA:0,_RNCINvNtNtCsdFPiKNhAdgX_10oxide_core11persistence5codec6encodeINtNtNtB8_6engine8snapshot13StateSnapshotNtCseGGxWnqQPOv_22serialization_workflow11StructStateEE0B1F_
FNDA:0,_RNCINvNtNtCsdFPiKNhAdgX_10oxide_core11persistence5codec6encodeNtCseGGxWnqQPOv_22serialization_workflow11StructStateE0B10_
FNDA:0,_RNCINvNtNtCsdFPiKNhAdgX_10oxide_core11persistence5codec6encodeNtCseGGxWnqQPOv_22serialization_workflow9EnumStateE0B10_
FNDA:2,_RINvNtNtCsdFPiKNhAdgX_10oxide_core11persistence5codec11decode_jsonNtCsjoCUoO96Og1_25state_persistence_feature5ModelEB14_
FNDA:1,_RINvNtNtCsdFPiKNhAdgX_10oxide_core11persistence5codec11encode_jsonNtCsjoCUoO96Og1_25state_persistence_feature5ModelEB14_
FNDA:3,_RINvNtNtCsdFPiKNhAdgX_10oxide_core11persistence5codec6decodeNtCsjoCUoO96Og1_25state_persistence_feature5ModelEBY_
FNDA:2,_RINvNtNtCsdFPiKNhAdgX_10oxide_core11persistence5codec6encodeNtCsjoCUoO96Og1_25state_persistence_feature5ModelEBY_
FNDA:1,_RNCINvNtNtCsdFPiKNhAdgX_10oxide_core11persistence5codec11decode_jsonNtCsjoCUoO96Og1_25state_persistence_feature5ModelE0B16_
FNDA:0,_RNCINvNtNtCsdFPiKNhAdgX_10oxide_core11persistence5codec11encode_jsonNtCsjoCUoO96Og1_25state_persistence_feature5ModelE0B16_
FNDA:1,_RNCINvNtNtCsdFPiKNhAdgX_10oxide_core11persistence5codec6decodeNtCsjoCUoO96Og1_25state_persistence_feature5ModelE0B10_
FNDA:0,_RNCINvNtNtCsdFPiKNhAdgX_10oxide_core11persistence5codec6encodeNtCsjoCUoO96Og1_25state_persistence_feature5ModelE0B10_
FNF:8
FNH:7
DA:39,9
DA:40,9
DA:41,9
DA:43,9
DA:44,2
DA:45,2
DA:46,9
DA:77,9
DA:78,9
DA:79,9
DA:81,9
DA:82,2
DA:83,2
DA:84,9
DA:96,1
DA:97,1
DA:98,1
DA:100,1
DA:101,0
DA:102,0
DA:103,1
DA:113,2
DA:114,2
DA:115,2
DA:117,2
DA:118,1
DA:119,1
DA:120,2
BRF:0
BRH:0
LF:28
LH:26
end_of_record
SF:G:\Dev\Projects\OpenSource\Oxide-Stack\Oxide\rust\oxide_core\src\persistence\path.rs
FN:27,_RNvNtNtCsf7sMATW6VUN_10oxide_core11persistence4path24default_persistence_path
FN:27,_RNvNtNtCsdFPiKNhAdgX_10oxide_core11persistence4path24default_persistence_path
FNDA:4,_RNvNtNtCsf7sMATW6VUN_10oxide_core11persistence4path24default_persistence_path
FNDA:5,_RNvNtNtCsdFPiKNhAdgX_10oxide_core11persistence4path24default_persistence_path
FNF:1
FNH:1
DA:27,9
DA:28,9
DA:31,9
DA:32,9
DA:33,9
DA:40,9
BRF:0
BRH:0
LF:6
LH:6
end_of_record
SF:G:\Dev\Projects\OpenSource\Oxide-Stack\Oxide\rust\oxide_core\src\persistence\worker.rs
FN:113,_RNCNCNvNtNtCsdFPiKNhAdgX_10oxide_core11persistence6worker11worker_loop00B9_
FN:129,_RNCNCNvNtNtCsdFPiKNhAdgX_10oxide_core11persistence6worker11worker_loop0s_0B9_
FN:54,_RNCNvMNtNtCsdFPiKNhAdgX_10oxide_core11persistence6workerNtB4_21FilePersistenceWorker3new0B8_
FN:79,_RNCNvNtNtCsdFPiKNhAdgX_10oxide_core11persistence6worker11worker_loop0B7_
FN:49,_RNvMNtNtCsdFPiKNhAdgX_10oxide_core11persistence6workerNtB2_21FilePersistenceWorker3new
FN:69,_RNvMNtNtCsdFPiKNhAdgX_10oxide_core11persistence6workerNtB2_21FilePersistenceWorker5queue
FN:75,_RNvNtNtCsdFPiKNhAdgX_10oxide_core11persistence6worker11worker_loop
FN:207,_RNvNtNtNtCsf7sMATW6VUN_10oxide_core11persistence6worker5tests16unique_temp_path
FN:198,_RNvNtNtNtCsf7sMATW6VUN_10oxide_core11persistence6worker5tests17init_test_runtime
FN:239,_RNvNtNtNtCsf7sMATW6VUN_10oxide_core11persistence6worker5testss_37worker_writes_latest_payload_on_close
FN:216,_RNvNtNtNtCsf7sMATW6VUN_10oxide_core11persistence6worker5testss_38worker_timeout_flushes_pending_payload
FN:199,_RNvNvNtNtNtCsf7sMATW6VUN_10oxide_core11persistence6worker5tests17init_test_runtime11thread_pool
FN:223,_RNCNCNvNtNtNtCsf7sMATW6VUN_10oxide_core11persistence6worker5testss_38worker_timeout_flushes_pending_payload00Bb_
FN:239,_RNCNvNtNtNtCsf7sMATW6VUN_10oxide_core11persistence6worker5testss_37worker_writes_latest_payload_on_close0B9_
FN:216,_RNCNvNtNtNtCsf7sMATW6VUN_10oxide_core11persistence6worker5testss_38worker_timeout_flushes_pending_payload0B9_
FN:49,_RNvMNtNtCsf7sMATW6VUN_10oxide_core11persistence6workerNtB2_21FilePersistenceWorker3new
FN:69,_RNvMNtNtCsf7sMATW6VUN_10oxide_core11persistence6workerNtB2_21FilePersistenceWorker5queue
FN:75,_RNvNtNtCsf7sMATW6VUN_10oxide_core11persistence6worker11worker_loop
FN:113,_RNCNCNvNtNtCsf7sMATW6VUN_10oxide_core11persistence6worker11worker_loop00B9_
FN:129,_RNCNCNvNtNtCsf7sMATW6VUN_10oxide_core11persistence6worker11worker_loop0s_0B9_
FN:54,_RNCNvMNtNtCsf7sMATW6VUN_10oxide_core11persistence6workerNtB4_21FilePersistenceWorker3new0B8_
FN:79,_RNCNvNtNtCsf7sMATW6VUN_10oxide_core11persistence6worker11worker_loop0B7_
FNDA:1,_RNCNCNvNtNtCsdFPiKNhAdgX_10oxide_core11persistence6worker11worker_loop00B9_
FNDA:0,_RNCNCNvNtNtCsdFPiKNhAdgX_10oxide_core11persistence6worker11worker_loop0s_0B9_
FNDA:1,_RNCNvMNtNtCsdFPiKNhAdgX_10oxide_core11persistence6workerNtB4_21FilePersistenceWorker3new0B8_
FNDA:1,_RNCNvNtNtCsdFPiKNhAdgX_10oxide_core11persistence6worker11worker_loop0B7_
FNDA:3,_RNvMNtNtCsdFPiKNhAdgX_10oxide_core11persistence6workerNtB2_21FilePersistenceWorker3new
FNDA:1,_RNvMNtNtCsdFPiKNhAdgX_10oxide_core11persistence6workerNtB2_21FilePersistenceWorker5queue
FNDA:1,_RNvNtNtCsdFPiKNhAdgX_10oxide_core11persistence6worker11worker_loop
FNDA:2,_RNvNtNtNtCsf7sMATW6VUN_10oxide_core11persistence6worker5tests16unique_temp_path
FNDA:2,_RNvNtNtNtCsf7sMATW6VUN_10oxide_core11persistence6worker5tests17init_test_runtime
FNDA:1,_RNvNtNtNtCsf7sMATW6VUN_10oxide_core11persistence6worker5testss_37worker_writes_latest_payload_on_close
FNDA:1,_RNvNtNtNtCsf7sMATW6VUN_10oxide_core11persistence6worker5testss_38worker_timeout_flushes_pending_payload
FNDA:20,_RNvNvNtNtNtCsf7sMATW6VUN_10oxide_core11persistence6worker5tests17init_test_runtime11thread_pool
FNDA:1,_RNCNCNvNtNtNtCsf7sMATW6VUN_10oxide_core11persistence6worker5testss_38worker_timeout_flushes_pending_payload00Bb_
FNDA:1,_RNCNvNtNtNtCsf7sMATW6VUN_10oxide_core11persistence6worker5testss_37worker_writes_latest_payload_on_close0B9_
FNDA:1,_RNCNvNtNtNtCsf7sMATW6VUN_10oxide_core11persistence6worker5testss_38worker_timeout_flushes_pending_payload0B9_
FNDA:3,_RNvMNtNtCsf7sMATW6VUN_10oxide_core11persistence6workerNtB2_21FilePersistenceWorker3new
FNDA:1,_RNvMNtNtCsf7sMATW6VUN_10oxide_core11persistence6workerNtB2_21FilePersistenceWorker5queue
FNDA:4,_RNvNtNtCsf7sMATW6VUN_10oxide_core11persistence6worker11worker_loop
FNDA:3,_RNCNCNvNtNtCsf7sMATW6VUN_10oxide_core11persistence6worker11worker_loop00B9_
FNDA:0,_RNCNCNvNtNtCsf7sMATW6VUN_10oxide_core11persistence6worker11worker_loop0s_0B9_
FNDA:2,_RNCNvMNtNtCsf7sMATW6VUN_10oxide_core11persistence6workerNtB4_21FilePersistenceWorker3new0B8_
FNDA:4,_RNCNvNtNtCsf7sMATW6VUN_10oxide_core11persistence6worker11worker_loop0B7_
FNF:15
FNH:14
DA:49,6
DA:50,6
DA:51,6
DA:54,6
DA:55,3
DA:56,0
DA:58,6
DA:59,6
DA:60,6
DA:61,6
DA:62,6
DA:63,6
DA:69,2
DA:70,2
DA:71,2
DA:75,5
DA:76,5
DA:77,5
DA:78,5
DA:79,5
DA:82,5
DA:83,5
DA:84,5
DA:85,5
DA:88,14
DA:89,9
DA:91,5
DA:92,5
DA:93,5
DA:94,5
DA:96,0
DA:101,14
DA:102,9
DA:103,5
DA:104,5
DA:105,5
DA:108,11
DA:109,5
DA:111,6
DA:112,4
DA:113,4
DA:114,4
DA:115,4
DA:116,4
DA:117,4
DA:118,4
DA:119,2
DA:120,2
DA:121,2
DA:122,0
DA:127,2
DA:128,0
DA:129,0
DA:130,0
DA:131,0
DA:132,0
DA:133,2
DA:134,2
DA:198,2
DA:199,20
DA:202,20
DA:203,20
DA:204,2
DA:205,2
DA:207,2
DA:208,2
DA:209,2
DA:210,2
DA:211,2
DA:212,2
DA:213,2
DA:216,1
DA:217,1
DA:219,1
DA:220,1
DA:222,1
DA:223,1
DA:224,1
DA:225,1
DA:227,1
DA:228,1
DA:229,1
DA:231,1
DA:232,1
DA:233,1
DA:235,1
DA:236,1
DA:239,1
DA:240,1
DA:242,1
DA:243,1
DA:245,1
DA:246,1
DA:247,1
DA:249,1
DA:251,1
DA:252,1
DA:254,1
DA:255,1
BRF:0
BRH:0
LF:108
LH:99
end_of_record
SF:G:\Dev\Projects\OpenSource\Oxide-Stack\Oxide\rust\oxide_core\src\runtime.rs
FN:155,_RINvNtCsdFPiKNhAdgX_10oxide_core7runtime14spawn_blockingNCNCNvNtNtB4_11persistence6worker11worker_loop00uEB4_
FN:155,_RINvNtCsdFPiKNhAdgX_10oxide_core7runtime14spawn_blockingNCNCNvNtNtB4_11persistence6worker11worker_loop0s_0uEB4_
FN:101,_RINvNtCsdFPiKNhAdgX_10oxide_core7runtime5spawnNCNvMNtNtB4_11persistence6workerNtBN_21FilePersistenceWorker3new0EB4_
FN:91,_RNCNvNtCsdFPiKNhAdgX_10oxide_core7runtime11thread_pool0B5_
FN:86,_RNvNtCsdFPiKNhAdgX_10oxide_core7runtime11thread_pool
FN:69,_RNvNtCsdFPiKNhAdgX_10oxide_core7runtime18ensure_initialized
FN:61,_RNvNtCsdFPiKNhAdgX_10oxide_core7runtime4init
FN:134,_RINvNtCsdFPiKNhAdgX_10oxide_core7runtime10safe_spawnpEB4_
FN:101,_RINvNtCsdFPiKNhAdgX_10oxide_core7runtime5spawnNCINvNtNtB4_6engine14reducer_engine15sideeffect_loopNtCs7Mb8zBnXpad_31navigation_uninitialized_errors11TestReduceruE0EB1A_
FN:86,_RNvNtCsf7sMATW6VUN_10oxide_core7runtime11thread_pool
FN:69,_RNvNtCsf7sMATW6VUN_10oxide_core7runtime18ensure_initialized
FN:61,_RNvNtCsf7sMATW6VUN_10oxide_core7runtime4init
FN:134,_RINvNtCsf7sMATW6VUN_10oxide_core7runtime10safe_spawnNCNCNvNtB4_5testss_38runtime_init_and_spawn_paths_exercised00EB4_
FN:155,_RINvNtCsf7sMATW6VUN_10oxide_core7runtime14spawn_blockingNCNCNvMs_NtNtB4_6engine14reducer_engineINtB11_13ReducerEngineNtNCNvNtB4_5testss_42engine_reports_persistence_encode_failures010BadReducerE14new_persistent00INtNtCs25LAAAjbyGa_4core6option6OptionINtNtCsgEp9m9TvJEj_5alloc3vec3VechEEEB4_
FN:155,_RINvNtCsf7sMATW6VUN_10oxide_core7runtime14spawn_blockingNCNCNvMs_NtNtB4_6engine14reducer_engineINtB11_13ReducerEngineNtNCNvNtB4_5testss_51sideeffect_loop_reports_persistence_encode_failures010BadReducerE14new_persistent00INtNtCs25LAAAjbyGa_4core6option6OptionINtNtCsgEp9m9TvJEj_5alloc3vec3VechEEEB4_
FN:155,_RINvNtCsf7sMATW6VUN_10oxide_core7runtime14spawn_blockingNCNCNvMs_NtNtB4_6engine14reducer_engineINtB11_13ReducerEngineNtNCNvNtB4_5testss_55sideeffect_loop_persistence_success_writes_latest_state014PersistReducerE14new_persistent00INtNtCs25LAAAjbyGa_4core6option6OptionINtNtCsgEp9m9TvJEj_5alloc3vec3VechEEEB4_
FN:155,_RINvNtCsf7sMATW6VUN_10oxide_core7runtime14spawn_blockingNCNCNvNtB4_5testss_50runtime_spawn_blocking_executes_and_returns_result00mEB4_
FN:155,_RINvNtCsf7sMATW6VUN_10oxide_core7runtime14spawn_blockingNCNCNvNtNtB4_11persistence6worker11worker_loop00uEB4_
FN:155,_RINvNtCsf7sMATW6VUN_10oxide_core7runtime14spawn_blockingNCNCNvNtNtB4_11persistence6worker11worker_loop0s_0uEB4_
FN:101,_RINvNtCsf7sMATW6VUN_10oxide_core7runtime5spawnNCINvNtNtB4_6engine14reducer_engine15sideeffect_loopNtNCNvNtB4_5testss_42engine_reports_persistence_encode_failures010BadReduceruE0EB4_
FN:101,_RINvNtCsf7sMATW6VUN_10oxide_core7runtime5spawnNCINvNtNtB4_6engine14reducer_engine15sideeffect_loopNtNCNvNtB4_5testss_51sideeffect_loop_reports_persistence_encode_failures010BadReduceruE0EB4_
FN:101,_RINvNtCsf7sMATW6VUN_10oxide_core7runtime5spawnNCINvNtNtB4_6engine14reducer_engine15sideeffect_loopNtNCNvNtB4_5testss_55sideeffect_loop_persistence_success_writes_latest_state014PersistReduceruE0EB4_
FN:101,_RINvNtCsf7sMATW6VUN_10oxide_core7runtime5spawnNCINvNtNtB4_6engine14reducer_engine15sideeffect_loopNtNtB4_5tests11TestReduceruE0EB4_
FN:101,_RINvNtCsf7sMATW6VUN_10oxide_core7runtime5spawnNCNCNvNtB4_5testss_38runtime_init_and_spawn_paths_exercised00EB4_
FN:101,_RINvNtCsf7sMATW6VUN_10oxide_core7runtime5spawnNCNCNvNtB4_5testss_41runtime_spawn_executes_and_returns_result00EB4_
FN:101,_RINvNtCsf7sMATW6VUN_10oxide_core7runtime5spawnNCNvMNtNtB4_11persistence6workerNtBN_21FilePersistenceWorker3new0EB4_
FN:91,_RNCNvNtCsf7sMATW6VUN_10oxide_core7runtime11thread_pool0B5_
FN:155,_RINvNtCsdFPiKNhAdgX_10oxide_core7runtime14spawn_blockingNCNCNvMs_NtNtB4_6engine14reducer_engineINtB11_13ReducerEngineNtCsc9KcVnE63lh_24persistence_corrupt_data11ReducerImplE14new_persistent00INtNtCs25LAAAjbyGa_4core6option6OptionINtNtCsgEp9m9TvJEj_5alloc3vec3VechEEEB1T_
FN:101,_RINvNtCsdFPiKNhAdgX_10oxide_core7runtime5spawnNCINvNtNtB4_6engine14reducer_engine15sideeffect_loopNtCsc9KcVnE63lh_24persistence_corrupt_data11ReducerImpluE0EB1A_
FN:155,_RINvNtCsdFPiKNhAdgX_10oxide_core7runtime14spawn_blockingNCNCNvMs_NtNtB4_6engine14reducer_engineINtB11_13ReducerEngineNtCs4khPxNdSBdD_26persistence_engine_restore11ReducerImplE14new_persistent00INtNtCs25LAAAjbyGa_4core6option6OptionINtNtCsgEp9m9TvJEj_5alloc3vec3VechEEEB1T_
FN:101,_RINvNtCsdFPiKNhAdgX_10oxide_core7runtime5spawnNCINvNtNtB4_6engine14reducer_engine15sideeffect_loopNtCs4khPxNdSBdD_26persistence_engine_restore11ReducerImpluE0EB1A_
FN:101,_RINvNtCsdFPiKNhAdgX_10oxide_core7runtime5spawnNCINvNtNtB4_6engine14reducer_engine15sideeffect_loopNtCs2Rwdatn694v_10public_api11ReducerImpluE0EB1A_
FN:101,_RINvNtCsdFPiKNhAdgX_10oxide_core7runtime5spawnNCNCNvCs5zXrIWcgsWP_19runtime_spawn_guards_39runtime_spawn_panics_when_uninitialized00EBO_
FN:101,_RINvNtCsdFPiKNhAdgX_10oxide_core7runtime5spawnNCINvNtNtB4_6engine14reducer_engine15sideeffect_loopNtCseGGxWnqQPOv_22serialization_workflow11TestReduceruE0EB1A_
FN:101,_RINvNtCsdFPiKNhAdgX_10oxide_core7runtime5spawnNCINvNtNtB4_6engine14reducer_engine15sideeffect_loopNtCskZEqIexg63c_14sliced_updates13SlicedReducerNtB1A_16SlicedStateSliceE0EB1A_
FNDA:1,_RINvNtCsdFPiKNhAdgX_10oxide_core7runtime14spawn_blockingNCNCNvNtNtB4_11persistence6worker11worker_loop00uEB4_
FNDA:0,_RINvNtCsdFPiKNhAdgX_10oxide_core7runtime14spawn_blockingNCNCNvNtNtB4_11persistence6worker11worker_loop0s_0uEB4_
FNDA:3,_RINvNtCsdFPiKNhAdgX_10oxide_core7runtime5spawnNCNvMNtNtB4_11persistence6workerNtBN_21FilePersistenceWorker3new0EB4_
FNDA:0,_RNCNvNtCsdFPiKNhAdgX_10oxide_core7runtime11thread_pool0B5_
FNDA:16,_RNvNtCsdFPiKNhAdgX_10oxide_core7runtime11thread_pool
FNDA:49,_RNvNtCsdFPiKNhAdgX_10oxide_core7runtime18ensure_initialized
FNDA:11,_RNvNtCsdFPiKNhAdgX_10oxide_core7runtime4init
FNDA:0,_RINvNtCsdFPiKNhAdgX_10oxide_core7runtime10safe_spawnpEB4_
FNDA:1,_RINvNtCsdFPiKNhAdgX_10oxide_core7runtime5spawnNCINvNtNtB4_6engine14reducer_engine15sideeffect_loopNtCs7Mb8zBnXpad_31navigation_uninitialized_errors11TestReduceruE0EB1A_
FNDA:20,_RNvNtCsf7sMATW6VUN_10oxide_core7runtime11thread_pool
FNDA:59,_RNvNtCsf7sMATW6VUN_10oxide_core7runtime18ensure_initialized
FNDA:18,_RNvNtCsf7sMATW6VUN_10oxide_core7runtime4init
FNDA:1,_RINvNtCsf7sMATW6VUN_10oxide_core7runtime10safe_spawnNCNCNvNtB4_5testss_38runtime_init_and_spawn_paths_exercised00EB4_
FNDA:1,_RINvNtCsf7sMATW6VUN_10oxide_core7runtime14spawn_blockingNCNCNvMs_NtNtB4_6engine14reducer_engineINtB11_13ReducerEngineNtNCNvNtB4_5testss_42engine_reports_persistence_encode_failures010BadReducerE14new_persistent00INtNtCs25LAAAjbyGa_4core6option6OptionINtNtCsgEp9m9TvJEj_5alloc3vec3VechEEEB4_
FNDA:1,_RINvNtCsf7sMATW6VUN_10oxide_core7runtime14spawn_blockingNCNCNvMs_NtNtB4_6engine14reducer_engineINtB11_13ReducerEngineNtNCNvNtB4_5testss_51sideeffect_loop_reports_persistence_encode_failures010BadReducerE14new_persistent00INtNtCs25LAAAjbyGa_4core6option6OptionINtNtCsgEp9m9TvJEj_5alloc3vec3VechEEEB4_
FNDA:1,_RINvNtCsf7sMATW6VUN_10oxide_core7runtime14spawn_blockingNCNCNvMs_NtNtB4_6engine14reducer_engineINtB11_13ReducerEngineNtNCNvNtB4_5testss_55sideeffect_loop_persistence_success_writes_latest_state014PersistReducerE14new_persistent00INtNtCs25LAAAjbyGa_4core6option6OptionINtNtCsgEp9m9TvJEj_5alloc3vec3VechEEEB4_
FNDA:1,_RINvNtCsf7sMATW6VUN_10oxide_core7runtime14spawn_blockingNCNCNvNtB4_5testss_50runtime_spawn_blocking_executes_and_returns_result00mEB4_
FNDA:3,_RINvNtCsf7sMATW6VUN_10oxide_core7runtime14spawn_blockingNCNCNvNtNtB4_11persistence6worker11worker_loop00uEB4_
FNDA:0,_RINvNtCsf7sMATW6VUN_10oxide_core7runtime14spawn_blockingNCNCNvNtNtB4_11persistence6worker11worker_loop0s_0uEB4_
FNDA:1,_RINvNtCsf7sMATW6VUN_10oxide_core7runtime5spawnNCINvNtNtB4_6engine14reducer_engine15sideeffect_loopNtNCNvNtB4_5testss_42engine_reports_persistence_encode_failures010BadReduceruE0EB4_
FNDA:1,_RINvNtCsf7sMATW6VUN_10oxide_core7runtime5spawnNCINvNtNtB4_6engine14reducer_engine15sideeffect_loopNtNCNvNtB4_5testss_51sideeffect_loop_reports_persistence_encode_failures010BadReduceruE0EB4_
FNDA:1,_RINvNtCsf7sMATW6VUN_10oxide_core7runtime5spawnNCINvNtNtB4_6engine14reducer_engine15sideeffect_loopNtNCNvNtB4_5testss_55sideeffect_loop_persistence_success_writes_latest_state014PersistReduceruE0EB4_
FNDA:9,_RINvNtCsf7sMATW6VUN_10oxide_core7runtime5spawnNCINvNtNtB4_6engine14reducer_engine15sideeffect_loopNtNtB4_5tests11TestReduceruE0EB4_
FNDA:1,_RINvNtCsf7sMATW6VUN_10oxide_core7runtime5spawnNCNCNvNtB4_5testss_38runtime_init_and_spawn_paths_exercised00EB4_
FNDA:1,_RINvNtCsf7sMATW6VUN_10oxide_core7runtime5spawnNCNCNvNtB4_5testss_41runtime_spawn_executes_and_returns_result00EB4_
FNDA:3,_RINvNtCsf7sMATW6VUN_10oxide_core7runtime5spawnNCNvMNtNtB4_11persistence6workerNtBN_21FilePersistenceWorker3new0EB4_
FNDA:0,_RNCNvNtCsf7sMATW6VUN_10oxide_core7runtime11thread_pool0B5_
FNDA:1,_RINvNtCsdFPiKNhAdgX_10oxide_core7runtime14spawn_blockingNCNCNvMs_NtNtB4_6engine14reducer_engineINtB11_13ReducerEngineNtCsc9KcVnE63lh_24persistence_corrupt_data11ReducerImplE14new_persistent00INtNtCs25LAAAjbyGa_4core6option6OptionINtNtCsgEp9m9TvJEj_5alloc3vec3VechEEEB1T_
FNDA:1,_RINvNtCsdFPiKNhAdgX_10oxide_core7runtime5spawnNCINvNtNtB4_6engine14reducer_engine15sideeffect_loopNtCsc9KcVnE63lh_24persistence_corrupt_data11ReducerImpluE0EB1A_
FNDA:2,_RINvNtCsdFPiKNhAdgX_10oxide_core7runtime14spawn_blockingNCNCNvMs_NtNtB4_6engine14reducer_engineINtB11_13ReducerEngineNtCs4khPxNdSBdD_26persistence_engine_restore11ReducerImplE14new_persistent00INtNtCs25LAAAjbyGa_4core6option6OptionINtNtCsgEp9m9TvJEj_5alloc3vec3VechEEEB1T_
FNDA:2,_RINvNtCsdFPiKNhAdgX_10oxide_core7runtime5spawnNCINvNtNtB4_6engine14reducer_engine15sideeffect_loopNtCs4khPxNdSBdD_26persistence_engine_restore11ReducerImpluE0EB1A_
FNDA:2,_RINvNtCsdFPiKNhAdgX_10oxide_core7runtime5spawnNCINvNtNtB4_6engine14reducer_engine15sideeffect_loopNtCs2Rwdatn694v_10public_api11ReducerImpluE0EB1A_
FNDA:1,_RINvNtCsdFPiKNhAdgX_10oxide_core7runtime5spawnNCNCNvCs5zXrIWcgsWP_19runtime_spawn_guards_39runtime_spawn_panics_when_uninitialized00EBO_
FNDA:1,_RINvNtCsdFPiKNhAdgX_10oxide_core7runtime5spawnNCINvNtNtB4_6engine14reducer_engine15sideeffect_loopNtCseGGxWnqQPOv_22serialization_workflow11TestReduceruE0EB1A_
FNDA:3,_RINvNtCsdFPiKNhAdgX_10oxide_core7runtime5spawnNCINvNtNtB4_6engine14reducer_engine15sideeffect_loopNtCskZEqIexg63c_14sliced_updates13SlicedReducerNtB1A_16SlicedStateSliceE0EB1A_
FNF:7
FNH:6
DA:61,29
DA:62,29
DA:63,29
DA:64,29
DA:65,29
DA:69,108
DA:70,108
DA:71,105
DA:72,3
DA:74,3
DA:75,3
DA:76,3
DA:77,3
DA:78,3
DA:79,108
DA:86,36
DA:87,36
DA:88,35
DA:89,35
DA:90,35
DA:91,0
DA:92,0
DA:93,35
DA:94,36
DA:101,31
DA:102,31
DA:103,31
DA:104,31
DA:106,31
DA:107,1
DA:108,30
DA:109,30
DA:110,30
DA:134,1
DA:135,1
DA:136,1
DA:138,1
DA:139,1
DA:155,11
DA:156,11
DA:157,11
DA:158,11
DA:160,11
DA:161,11
DA:169,11
DA:171,11
BRF:0
BRH:0
LF:47
LH:43
end_of_record